[2023-06-12 22:26:47Z INFO HostContext] No proxy settings were found based on environmental variables (http_proxy/https_proxy/HTTP_PROXY/HTTPS_PROXY)
[2023-06-12 22:26:47Z INFO HostContext] Well known directory 'Bin': '/Users/noedenisel/Desktop/Rick-and-Morty/bin'
[2023-06-12 22:26:47Z INFO HostContext] Well known directory 'Root': '/Users/noedenisel/Desktop/Rick-and-Morty'
[2023-06-12 22:26:47Z INFO HostContext] Well known config file 'Credentials': '/Users/noedenisel/Desktop/Rick-and-Morty/.credentials'
[2023-06-12 22:26:47Z INFO HostContext] Well known directory 'Bin': '/Users/noedenisel/Desktop/Rick-and-Morty/bin'
[2023-06-12 22:26:47Z INFO HostContext] Well known directory 'Root': '/Users/noedenisel/Desktop/Rick-and-Morty'
[2023-06-12 22:26:47Z INFO HostContext] Well known config file 'Runner': '/Users/noedenisel/Desktop/Rick-and-Morty/.runner'
[2023-06-12 22:26:48Z INFO Listener] Runner is built for OSX (X64) - osx-x64.
[2023-06-12 22:26:48Z INFO Listener] RuntimeInformation: Darwin 22.5.0 Darwin Kernel Version 22.5.0: Mon Apr 24 20:52:43 PDT 2023; root:xnu-8796.121.2~5/RELEASE_ARM64_T8112.
[2023-06-12 22:26:48Z INFO Listener] Version: 2.304.0
[2023-06-12 22:26:48Z INFO Listener] Commit: 9ef4121b5b31ee5c03b7770288213d741081f747
[2023-06-12 22:26:48Z INFO Listener] Culture: en-US
[2023-06-12 22:26:48Z INFO Listener] UI Culture: en-US
[2023-06-12 22:26:48Z INFO HostContext] Well known directory 'Bin': '/Users/noedenisel/Desktop/Rick-and-Morty/bin'
[2023-06-12 22:26:48Z INFO HostContext] Well known directory 'Root': '/Users/noedenisel/Desktop/Rick-and-Morty'
[2023-06-12 22:26:48Z INFO Listener] Validating directory permissions for: '/Users/noedenisel/Desktop/Rick-and-Morty'
[2023-06-12 22:26:48Z INFO CommandLineParser] Parse
[2023-06-12 22:26:48Z INFO CommandLineParser] Parsing 5 args
[2023-06-12 22:26:48Z INFO CommandLineParser] parsing argument
[2023-06-12 22:26:48Z INFO CommandLineParser] HasArgs: False
[2023-06-12 22:26:48Z INFO CommandLineParser] Adding Command: configure
[2023-06-12 22:26:48Z INFO CommandLineParser] parsing argument
[2023-06-12 22:26:48Z INFO CommandLineParser] HasArgs: True
[2023-06-12 22:26:48Z INFO CommandLineParser] arg: url
[2023-06-12 22:26:48Z INFO CommandLineParser] parsing argument
[2023-06-12 22:26:48Z INFO CommandLineParser] HasArgs: True
[2023-06-12 22:26:48Z INFO CommandLineParser] Adding option 'url': 'https://github.com/noedenisel/Rick-and-Morty'
[2023-06-12 22:26:48Z INFO CommandLineParser] parsing argument
[2023-06-12 22:26:48Z INFO CommandLineParser] HasArgs: True
[2023-06-12 22:26:48Z INFO CommandLineParser] arg: token
[2023-06-12 22:26:48Z INFO CommandLineParser] parsing argument
[2023-06-12 22:26:48Z INFO CommandLineParser] HasArgs: True
[2023-06-12 22:26:48Z INFO CommandLineParser] Adding option 'token': '***'
[2023-06-12 22:26:48Z INFO Listener] Arguments parsed
[2023-06-12 22:26:49Z INFO Runner] ExecuteCommand
[2023-06-12 22:26:49Z INFO ConfigurationStore] currentAssemblyLocation: /Users/noedenisel/Desktop/Rick-and-Morty/bin/Runner.Listener.dll
[2023-06-12 22:26:49Z INFO HostContext] Well known directory 'Bin': '/Users/noedenisel/Desktop/Rick-and-Morty/bin'
[2023-06-12 22:26:49Z INFO ConfigurationStore] binPath: /Users/noedenisel/Desktop/Rick-and-Morty/bin
[2023-06-12 22:26:49Z INFO HostContext] Well known directory 'Bin': '/Users/noedenisel/Desktop/Rick-and-Morty/bin'
[2023-06-12 22:26:49Z INFO HostContext] Well known directory 'Root': '/Users/noedenisel/Desktop/Rick-and-Morty'
[2023-06-12 22:26:49Z INFO ConfigurationStore] RootFolder: /Users/noedenisel/Desktop/Rick-and-Morty
[2023-06-12 22:26:49Z INFO HostContext] Well known directory 'Bin': '/Users/noedenisel/Desktop/Rick-and-Morty/bin'
[2023-06-12 22:26:49Z INFO HostContext] Well known directory 'Root': '/Users/noedenisel/Desktop/Rick-and-Morty'
[2023-06-12 22:26:49Z INFO HostContext] Well known config file 'Runner': '/Users/noedenisel/Desktop/Rick-and-Morty/.runner'
[2023-06-12 22:26:49Z INFO ConfigurationStore] ConfigFilePath: /Users/noedenisel/Desktop/Rick-and-Morty/.runner
[2023-06-12 22:26:49Z INFO HostContext] Well known directory 'Bin': '/Users/noedenisel/Desktop/Rick-and-Morty/bin'
[2023-06-12 22:26:49Z INFO HostContext] Well known directory 'Root': '/Users/noedenisel/Desktop/Rick-and-Morty'
[2023-06-12 22:26:49Z INFO HostContext] Well known config file 'Credentials': '/Users/noedenisel/Desktop/Rick-and-Morty/.credentials'
[2023-06-12 22:26:49Z INFO ConfigurationStore] CredFilePath: /Users/noedenisel/Desktop/Rick-and-Morty/.credentials
[2023-06-12 22:26:49Z INFO HostContext] Well known directory 'Bin': '/Users/noedenisel/Desktop/Rick-and-Morty/bin'
[2023-06-12 22:26:49Z INFO HostContext] Well known directory 'Root': '/Users/noedenisel/Desktop/Rick-and-Morty'
[2023-06-12 22:26:49Z INFO HostContext] Well known config file 'MigratedCredentials': '/Users/noedenisel/Desktop/Rick-and-Morty/.credentials_migrated'
[2023-06-12 22:26:49Z INFO ConfigurationStore] MigratedCredFilePath: /Users/noedenisel/Desktop/Rick-and-Morty/.credentials_migrated
[2023-06-12 22:26:49Z INFO HostContext] Well known directory 'Bin': '/Users/noedenisel/Desktop/Rick-and-Morty/bin'
[2023-06-12 22:26:49Z INFO HostContext] Well known directory 'Root': '/Users/noedenisel/Desktop/Rick-and-Morty'
[2023-06-12 22:26:49Z INFO HostContext] Well known config file 'Service': '/Users/noedenisel/Desktop/Rick-and-Morty/.service'
[2023-06-12 22:26:49Z INFO ConfigurationStore] ServiceConfigFilePath: /Users/noedenisel/Desktop/Rick-and-Morty/.service
[2023-06-12 22:26:49Z INFO CommandSettings] Flag 'help': 'False'
[2023-06-12 22:26:49Z INFO CommandSettings] Flag 'version': 'False'
[2023-06-12 22:26:49Z INFO CommandSettings] Flag 'commit': 'False'
[2023-06-12 22:26:49Z INFO CommandSettings] Flag 'check': 'False'
[2023-06-12 22:26:49Z INFO CommandSettings] Command 'configure': 'True'
[2023-06-12 22:26:49Z INFO Terminal] WRITE LINE: 
[2023-06-12 22:26:49Z INFO Terminal] WRITE LINE: --------------------------------------------------------------------------------
[2023-06-12 22:26:49Z INFO Terminal] WRITE LINE: |        ____ _ _   _   _       _          _        _   _                      |
[2023-06-12 22:26:49Z INFO Terminal] WRITE LINE: |       / ___(_) |_| | | |_   _| |__      / \   ___| |_(_) ___  _ __  ___      |
[2023-06-12 22:26:49Z INFO Terminal] WRITE LINE: |      | |  _| | __| |_| | | | | '_ \    / _ \ / __| __| |/ _ \| '_ \/ __|     |
[2023-06-12 22:26:49Z INFO Terminal] WRITE LINE: |      | |_| | | |_|  _  | |_| | |_) |  / ___ \ (__| |_| | (_) | | | \__ \     |
[2023-06-12 22:26:49Z INFO Terminal] WRITE LINE: |       \____|_|\__|_| |_|\__,_|_.__/  /_/   \_\___|\__|_|\___/|_| |_|___/     |
[2023-06-12 22:26:49Z INFO Terminal] WRITE LINE: |                                                                              |
[2023-06-12 22:26:49Z INFO Terminal] WRITE: |                       
[2023-06-12 22:26:49Z INFO Terminal] WRITE: Self-hosted runner registration
[2023-06-12 22:26:49Z INFO Terminal] WRITE LINE:                         |
[2023-06-12 22:26:49Z INFO Terminal] WRITE LINE: |                                                                              |
[2023-06-12 22:26:49Z INFO Terminal] WRITE LINE: --------------------------------------------------------------------------------
[2023-06-12 22:26:49Z INFO ConfigurationManager] ConfigureAsync
[2023-06-12 22:26:49Z INFO CommandSettings] Flag 'generateServiceConfig': 'False'
[2023-06-12 22:26:49Z INFO ConfigurationStore] IsConfigured()
[2023-06-12 22:26:49Z INFO ConfigurationStore] IsConfigured: False
[2023-06-12 22:26:49Z INFO ConfigurationManager] Is configured: False
[2023-06-12 22:26:49Z INFO CommandSettings] Arg 'url': 'https://github.com/noedenisel/Rick-and-Morty'
[2023-06-12 22:26:49Z INFO CommandSettings] Remove url from Arg dictionary.
[2023-06-12 22:26:49Z INFO CommandSettings] Arg 'token': '***'
[2023-06-12 22:26:49Z INFO CommandSettings] Remove token from Arg dictionary.
[2023-06-12 22:26:54Z INFO ConfigurationManager] Http response code: OK from 'POST https://api.github.com/actions/runner-registration' (FCD7:56B0:4A2E6:4E81C:64879BAD)
[2023-06-12 22:26:55Z INFO Terminal] WRITE LINE: Using V2 flow: False
[2023-06-12 22:26:55Z INFO ConfigurationManager] cred retrieved via GitHub auth
[2023-06-12 22:26:55Z INFO RunnerServer] EstablishVssConnection
[2023-06-12 22:26:55Z INFO RunnerServer] Establish connection with 100 seconds timeout.
[2023-06-12 22:26:55Z INFO GitHubActionsService] Starting operation Location.GetConnectionData
[2023-06-12 22:26:56Z INFO RunnerServer] EstablishVssConnection
[2023-06-12 22:26:56Z INFO RunnerServer] Establish connection with 60 seconds timeout.
[2023-06-12 22:26:56Z INFO GitHubActionsService] Starting operation Location.GetConnectionData
[2023-06-12 22:26:56Z INFO RunnerServer] EstablishVssConnection
[2023-06-12 22:26:56Z INFO RunnerServer] Establish connection with 60 seconds timeout.
[2023-06-12 22:26:56Z INFO GitHubActionsService] Starting operation Location.GetConnectionData
[2023-06-12 22:26:57Z INFO GitHubActionsService] Finished operation Location.GetConnectionData
[2023-06-12 22:26:57Z INFO GitHubActionsService] Finished operation Location.GetConnectionData
[2023-06-12 22:26:57Z INFO GitHubActionsService] Finished operation Location.GetConnectionData
[2023-06-12 22:26:57Z INFO Terminal] WRITE LINE: 
[2023-06-12 22:26:57Z INFO ConfigurationManager] Test Connection complete.
[2023-06-12 22:26:57Z INFO HostContext] Well known directory 'Bin': '/Users/noedenisel/Desktop/Rick-and-Morty/bin'
[2023-06-12 22:26:57Z INFO HostContext] Well known directory 'Root': '/Users/noedenisel/Desktop/Rick-and-Morty'
[2023-06-12 22:26:57Z INFO HostContext] Well known config file 'RSACredentials': '/Users/noedenisel/Desktop/Rick-and-Morty/.credentials_rsaparams'
[2023-06-12 22:26:57Z INFO RSAFileKeyManager] Creating new RSA key using 2048-bit key length
[2023-06-12 22:26:58Z INFO RSAFileKeyManager] Successfully saved RSA key parameters to file /Users/noedenisel/Desktop/Rick-and-Morty/.credentials_rsaparams
[2023-06-12 22:26:58Z INFO RSAFileKeyManager] Which: 'chmod'
[2023-06-12 22:26:58Z INFO RSAFileKeyManager] Location: '/bin/chmod'
[2023-06-12 22:26:58Z INFO HostContext] Well known directory 'Bin': '/Users/noedenisel/Desktop/Rick-and-Morty/bin'
[2023-06-12 22:26:58Z INFO HostContext] Well known directory 'Root': '/Users/noedenisel/Desktop/Rick-and-Morty'
[2023-06-12 22:26:58Z INFO ProcessInvokerWrapper] Starting process:
[2023-06-12 22:26:58Z INFO ProcessInvokerWrapper]   File name: '/bin/chmod'
[2023-06-12 22:26:58Z INFO ProcessInvokerWrapper]   Arguments: '600 /Users/noedenisel/Desktop/Rick-and-Morty/.credentials_rsaparams'
[2023-06-12 22:26:58Z INFO ProcessInvokerWrapper]   Working directory: '/Users/noedenisel/Desktop/Rick-and-Morty'
[2023-06-12 22:26:58Z INFO ProcessInvokerWrapper]   Require exit code zero: 'False'
[2023-06-12 22:26:58Z INFO ProcessInvokerWrapper]   Encoding web name:  ; code page: ''
[2023-06-12 22:26:58Z INFO ProcessInvokerWrapper]   Force kill process on cancellation: 'False'
[2023-06-12 22:26:58Z INFO ProcessInvokerWrapper]   Redirected STDIN: 'False'
[2023-06-12 22:26:58Z INFO ProcessInvokerWrapper]   Persist current code page: 'False'
[2023-06-12 22:26:58Z INFO ProcessInvokerWrapper]   Keep redirected STDIN open: 'False'
[2023-06-12 22:26:58Z INFO ProcessInvokerWrapper]   High priority process: 'False'
[2023-06-12 22:26:59Z INFO ProcessInvokerWrapper] Process started with process id 31107, waiting for process exit.
[2023-06-12 22:26:59Z INFO ProcessInvokerWrapper] STDOUT/STDERR stream read finished.
[2023-06-12 22:26:59Z INFO ProcessInvokerWrapper] STDOUT/STDERR stream read finished.
[2023-06-12 22:26:59Z INFO ProcessInvokerWrapper] Finished process 31107 with exit code 0, and elapsed time 00:00:00.3335655.
[2023-06-12 22:26:59Z INFO RSAFileKeyManager] Successfully set permissions for RSA key parameters file /Users/noedenisel/Desktop/Rick-and-Morty/.credentials_rsaparams
[2023-06-12 22:26:59Z INFO CommandSettings] Arg 'runnergroup': ''
[2023-06-12 22:26:59Z INFO CommandSettings] Flag 'unattended': 'False'
[2023-06-12 22:26:59Z INFO PromptManager] ReadValue
[2023-06-12 22:26:59Z INFO Terminal] WRITE: Enter the name of the runner group to add this runner to: 
[2023-06-12 22:26:59Z INFO Terminal] WRITE: [press Enter for Default] 
[2023-06-12 22:26:59Z INFO Terminal] READ LINE
[2023-06-12 22:27:05Z INFO Terminal] Read value: ''
[2023-06-12 22:27:05Z INFO PromptManager] Falling back to the default: 'Default'
[2023-06-12 22:27:05Z INFO Terminal] WRITE LINE: 
[2023-06-12 22:27:05Z INFO ConfigurationManager] Found a self-hosted runner group with id 1 and name Default
[2023-06-12 22:27:05Z INFO CommandSettings] Flag 'disableupdate': 'False'
[2023-06-12 22:27:05Z INFO CommandSettings] Flag 'ephemeral': 'False'
[2023-06-12 22:27:05Z INFO CommandSettings] Arg 'name': ''
[2023-06-12 22:27:05Z INFO CommandSettings] Flag 'unattended': 'False'
[2023-06-12 22:27:05Z INFO PromptManager] ReadValue
[2023-06-12 22:27:05Z INFO Terminal] WRITE: Enter the name of runner: 
[2023-06-12 22:27:05Z INFO Terminal] WRITE: [press Enter for MacBook-Pro-de-Noe-Denise] 
[2023-06-12 22:27:05Z INFO Terminal] READ LINE
[2023-06-12 22:27:06Z INFO Terminal] Read value: ''
[2023-06-12 22:27:06Z INFO PromptManager] Falling back to the default: 'MacBook-Pro-de-Noe-Denise'
[2023-06-12 22:27:06Z INFO Terminal] WRITE LINE: 
[2023-06-12 22:27:06Z INFO CommandSettings] Arg 'labels': ''
[2023-06-12 22:27:06Z INFO CommandSettings] Flag 'unattended': 'False'
[2023-06-12 22:27:06Z INFO PromptManager] ReadValue
[2023-06-12 22:27:06Z INFO Terminal] WRITE: This runner will have the following labels: 'self-hosted', 'macOS', 'X64' 
Enter any additional labels (ex. label-1,label-2): 
[2023-06-12 22:27:06Z INFO Terminal] WRITE: [press Enter to skip] 
[2023-06-12 22:27:06Z INFO Terminal] READ LINE
[2023-06-12 22:27:07Z INFO Terminal] Read value: ''
[2023-06-12 22:27:07Z INFO Terminal] WRITE LINE: 
[2023-06-12 22:27:07Z INFO CommandSettings] Flag 'disableupdate': 'False'
[2023-06-12 22:27:08Z INFO CommandSettings] Flag 'disableupdate': 'False'
[2023-06-12 22:27:08Z INFO CommandSettings] Flag 'ephemeral': 'False'
[2023-06-12 22:27:08Z INFO ConfigurationStore] Saving OAuth credential @ /Users/noedenisel/Desktop/Rick-and-Morty/.credentials
[2023-06-12 22:27:08Z INFO ConfigurationStore] Credentials Saved.
[2023-06-12 22:27:08Z INFO ConfigurationStore] HasCredentials()
[2023-06-12 22:27:08Z INFO ConfigurationStore] stored True
[2023-06-12 22:27:08Z INFO CredentialManager] GetCredentialProvider
[2023-06-12 22:27:08Z INFO CredentialManager] Creating type OAuth
[2023-06-12 22:27:08Z INFO CredentialManager] Creating credential type: OAuth
[2023-06-12 22:27:08Z INFO RSAFileKeyManager] Loading RSA key parameters from file /Users/noedenisel/Desktop/Rick-and-Morty/.credentials_rsaparams
[2023-06-12 22:27:08Z INFO RunnerServer] EstablishVssConnection
[2023-06-12 22:27:08Z INFO RunnerServer] Establish connection with 100 seconds timeout.
[2023-06-12 22:27:08Z INFO GitHubActionsService] Starting operation Location.GetConnectionData
[2023-06-12 22:27:08Z INFO RunnerServer] EstablishVssConnection
[2023-06-12 22:27:08Z INFO RunnerServer] Establish connection with 60 seconds timeout.
[2023-06-12 22:27:08Z INFO GitHubActionsService] Starting operation Location.GetConnectionData
[2023-06-12 22:27:08Z INFO RunnerServer] EstablishVssConnection
[2023-06-12 22:27:08Z INFO RunnerServer] Establish connection with 60 seconds timeout.
[2023-06-12 22:27:08Z INFO GitHubActionsService] Starting operation Location.GetConnectionData
[2023-06-12 22:27:09Z INFO GitHubActionsService] Finished operation Location.GetConnectionData
[2023-06-12 22:27:09Z INFO GitHubActionsService] Finished operation Location.GetConnectionData
[2023-06-12 22:27:09Z INFO GitHubActionsService] Finished operation Location.GetConnectionData
[2023-06-12 22:27:10Z INFO RSAFileKeyManager] Loading RSA key parameters from file /Users/noedenisel/Desktop/Rick-and-Morty/.credentials_rsaparams
[2023-06-12 22:27:10Z INFO RSAFileKeyManager] Loading RSA key parameters from file /Users/noedenisel/Desktop/Rick-and-Morty/.credentials_rsaparams
[2023-06-12 22:27:11Z INFO GitHubActionsService] AAD Correlation ID for this token request: Unknown
[2023-06-12 22:27:11Z INFO CommandSettings] Arg 'work': ''
[2023-06-12 22:27:11Z INFO CommandSettings] Flag 'unattended': 'False'
[2023-06-12 22:27:11Z INFO PromptManager] ReadValue
[2023-06-12 22:27:11Z INFO Terminal] WRITE: Enter name of work folder: 
[2023-06-12 22:27:11Z INFO Terminal] WRITE: [press Enter for _work] 
[2023-06-12 22:27:11Z INFO Terminal] READ LINE
[2023-06-12 22:27:17Z INFO Terminal] Read value: ''
[2023-06-12 22:27:17Z INFO PromptManager] Falling back to the default: '_work'
[2023-06-12 22:27:17Z INFO ConfigurationStore] Saving runner settings.
[2023-06-12 22:27:17Z INFO ConfigurationStore] Settings Saved.
[2023-06-12 22:27:17Z INFO Terminal] WRITE LINE: 
[2023-06-12 22:27:17Z INFO Terminal] WRITE LINE: 
[2023-06-12 22:27:17Z INFO OsxServiceControlManager] Service name 'actions.runner.noedenisel-Rick-and-Morty.MacBook-Pro-de-Noe-Denise' display name 'GitHub Actions Runner (noedenisel-Rick-and-Morty.MacBook-Pro-de-Noe-Denise)' will be used for service configuration.
[2023-06-12 22:27:17Z INFO HostContext] Well known directory 'Bin': '/Users/noedenisel/Desktop/Rick-and-Morty/bin'
[2023-06-12 22:27:17Z INFO HostContext] Well known directory 'Root': '/Users/noedenisel/Desktop/Rick-and-Morty'
[2023-06-12 22:27:17Z INFO HostContext] Well known directory 'Bin': '/Users/noedenisel/Desktop/Rick-and-Morty/bin'
[2023-06-12 22:27:17Z INFO HostContext] Well known directory 'Bin': '/Users/noedenisel/Desktop/Rick-and-Morty/bin'
[2023-06-12 22:27:17Z INFO HostContext] Well known directory 'Root': '/Users/noedenisel/Desktop/Rick-and-Morty'
[2023-06-12 22:27:17Z INFO UnixUtil] Which: 'chmod'
[2023-06-12 22:27:17Z INFO UnixUtil] Location: '/bin/chmod'
[2023-06-12 22:27:17Z INFO UnixUtil] Running /bin/chmod 755 "/Users/noedenisel/Desktop/Rick-and-Morty/svc.sh"
[2023-06-12 22:27:17Z INFO ProcessInvokerWrapper] Starting process:
[2023-06-12 22:27:17Z INFO ProcessInvokerWrapper]   File name: '/bin/chmod'
[2023-06-12 22:27:17Z INFO ProcessInvokerWrapper]   Arguments: '755 "/Users/noedenisel/Desktop/Rick-and-Morty/svc.sh"'
[2023-06-12 22:27:17Z INFO ProcessInvokerWrapper]   Working directory: '/Users/noedenisel/Desktop/Rick-and-Morty'
[2023-06-12 22:27:17Z INFO ProcessInvokerWrapper]   Require exit code zero: 'True'
[2023-06-12 22:27:17Z INFO ProcessInvokerWrapper]   Encoding web name:  ; code page: ''
[2023-06-12 22:27:17Z INFO ProcessInvokerWrapper]   Force kill process on cancellation: 'False'
[2023-06-12 22:27:17Z INFO ProcessInvokerWrapper]   Redirected STDIN: 'False'
[2023-06-12 22:27:17Z INFO ProcessInvokerWrapper]   Persist current code page: 'False'
[2023-06-12 22:27:17Z INFO ProcessInvokerWrapper]   Keep redirected STDIN open: 'False'
[2023-06-12 22:27:17Z INFO ProcessInvokerWrapper]   High priority process: 'False'
[2023-06-12 22:27:17Z INFO ProcessInvokerWrapper] Process started with process id 31257, waiting for process exit.
[2023-06-12 22:27:17Z INFO ProcessInvokerWrapper] STDOUT/STDERR stream read finished.
[2023-06-12 22:27:17Z INFO ProcessInvokerWrapper] STDOUT/STDERR stream read finished.
[2023-06-12 22:27:17Z INFO ProcessInvokerWrapper] Finished process 31257 with exit code 0, and elapsed time 00:00:00.0527330.
[2023-06-12 22:27:17Z INFO Listener] Runner execution has finished with return code 0
