[2023-06-12 22:35:58Z INFO HostContext] No proxy settings were found based on environmental variables (http_proxy/https_proxy/HTTP_PROXY/HTTPS_PROXY)
[2023-06-12 22:35:58Z INFO HostContext] Well known directory 'Bin': '/Users/noedenisel/Desktop/Rick-and-Morty/bin'
[2023-06-12 22:35:58Z INFO HostContext] Well known directory 'Root': '/Users/noedenisel/Desktop/Rick-and-Morty'
[2023-06-12 22:35:58Z INFO HostContext] Well known config file 'Credentials': '/Users/noedenisel/Desktop/Rick-and-Morty/.credentials'
[2023-06-12 22:35:59Z INFO HostContext] Well known directory 'Bin': '/Users/noedenisel/Desktop/Rick-and-Morty/bin'
[2023-06-12 22:35:59Z INFO HostContext] Well known directory 'Root': '/Users/noedenisel/Desktop/Rick-and-Morty'
[2023-06-12 22:35:59Z INFO HostContext] Well known config file 'Runner': '/Users/noedenisel/Desktop/Rick-and-Morty/.runner'
[2023-06-12 22:35:59Z INFO Listener] Runner is built for OSX (X64) - osx-x64.
[2023-06-12 22:35:59Z INFO Listener] RuntimeInformation: Darwin 22.5.0 Darwin Kernel Version 22.5.0: Mon Apr 24 20:52:43 PDT 2023; root:xnu-8796.121.2~5/RELEASE_ARM64_T8112.
[2023-06-12 22:35:59Z INFO Listener] Version: 2.304.0
[2023-06-12 22:35:59Z INFO Listener] Commit: 9ef4121b5b31ee5c03b7770288213d741081f747
[2023-06-12 22:35:59Z INFO Listener] Culture: en-US
[2023-06-12 22:35:59Z INFO Listener] UI Culture: en-US
[2023-06-12 22:35:59Z INFO HostContext] Well known directory 'Bin': '/Users/noedenisel/Desktop/Rick-and-Morty/bin'
[2023-06-12 22:35:59Z INFO HostContext] Well known directory 'Root': '/Users/noedenisel/Desktop/Rick-and-Morty'
[2023-06-12 22:35:59Z INFO Listener] Validating directory permissions for: '/Users/noedenisel/Desktop/Rick-and-Morty'
[2023-06-12 22:35:59Z INFO CommandLineParser] Parse
[2023-06-12 22:35:59Z INFO CommandLineParser] Parsing 1 args
[2023-06-12 22:35:59Z INFO CommandLineParser] parsing argument
[2023-06-12 22:35:59Z INFO CommandLineParser] HasArgs: False
[2023-06-12 22:35:59Z INFO CommandLineParser] Adding Command: configure
[2023-06-12 22:35:59Z INFO Listener] Arguments parsed
[2023-06-12 22:35:59Z INFO Runner] ExecuteCommand
[2023-06-12 22:35:59Z INFO ConfigurationStore] currentAssemblyLocation: /Users/noedenisel/Desktop/Rick-and-Morty/bin/Runner.Listener.dll
[2023-06-12 22:35:59Z INFO HostContext] Well known directory 'Bin': '/Users/noedenisel/Desktop/Rick-and-Morty/bin'
[2023-06-12 22:35:59Z INFO ConfigurationStore] binPath: /Users/noedenisel/Desktop/Rick-and-Morty/bin
[2023-06-12 22:35:59Z INFO HostContext] Well known directory 'Bin': '/Users/noedenisel/Desktop/Rick-and-Morty/bin'
[2023-06-12 22:35:59Z INFO HostContext] Well known directory 'Root': '/Users/noedenisel/Desktop/Rick-and-Morty'
[2023-06-12 22:35:59Z INFO ConfigurationStore] RootFolder: /Users/noedenisel/Desktop/Rick-and-Morty
[2023-06-12 22:35:59Z INFO HostContext] Well known directory 'Bin': '/Users/noedenisel/Desktop/Rick-and-Morty/bin'
[2023-06-12 22:35:59Z INFO HostContext] Well known directory 'Root': '/Users/noedenisel/Desktop/Rick-and-Morty'
[2023-06-12 22:35:59Z INFO HostContext] Well known config file 'Runner': '/Users/noedenisel/Desktop/Rick-and-Morty/.runner'
[2023-06-12 22:35:59Z INFO ConfigurationStore] ConfigFilePath: /Users/noedenisel/Desktop/Rick-and-Morty/.runner
[2023-06-12 22:35:59Z INFO HostContext] Well known directory 'Bin': '/Users/noedenisel/Desktop/Rick-and-Morty/bin'
[2023-06-12 22:35:59Z INFO HostContext] Well known directory 'Root': '/Users/noedenisel/Desktop/Rick-and-Morty'
[2023-06-12 22:35:59Z INFO HostContext] Well known config file 'Credentials': '/Users/noedenisel/Desktop/Rick-and-Morty/.credentials'
[2023-06-12 22:35:59Z INFO ConfigurationStore] CredFilePath: /Users/noedenisel/Desktop/Rick-and-Morty/.credentials
[2023-06-12 22:35:59Z INFO HostContext] Well known directory 'Bin': '/Users/noedenisel/Desktop/Rick-and-Morty/bin'
[2023-06-12 22:35:59Z INFO HostContext] Well known directory 'Root': '/Users/noedenisel/Desktop/Rick-and-Morty'
[2023-06-12 22:35:59Z INFO HostContext] Well known config file 'MigratedCredentials': '/Users/noedenisel/Desktop/Rick-and-Morty/.credentials_migrated'
[2023-06-12 22:35:59Z INFO ConfigurationStore] MigratedCredFilePath: /Users/noedenisel/Desktop/Rick-and-Morty/.credentials_migrated
[2023-06-12 22:35:59Z INFO HostContext] Well known directory 'Bin': '/Users/noedenisel/Desktop/Rick-and-Morty/bin'
[2023-06-12 22:35:59Z INFO HostContext] Well known directory 'Root': '/Users/noedenisel/Desktop/Rick-and-Morty'
[2023-06-12 22:35:59Z INFO HostContext] Well known config file 'Service': '/Users/noedenisel/Desktop/Rick-and-Morty/.service'
[2023-06-12 22:35:59Z INFO ConfigurationStore] ServiceConfigFilePath: /Users/noedenisel/Desktop/Rick-and-Morty/.service
[2023-06-12 22:35:59Z INFO CommandSettings] Flag 'help': 'False'
[2023-06-12 22:35:59Z INFO CommandSettings] Flag 'version': 'False'
[2023-06-12 22:35:59Z INFO CommandSettings] Flag 'commit': 'False'
[2023-06-12 22:35:59Z INFO CommandSettings] Flag 'check': 'False'
[2023-06-12 22:35:59Z INFO CommandSettings] Command 'configure': 'True'
[2023-06-12 22:35:59Z INFO Terminal] WRITE LINE: 
[2023-06-12 22:35:59Z INFO Terminal] WRITE LINE: --------------------------------------------------------------------------------
[2023-06-12 22:35:59Z INFO Terminal] WRITE LINE: |        ____ _ _   _   _       _          _        _   _                      |
[2023-06-12 22:35:59Z INFO Terminal] WRITE LINE: |       / ___(_) |_| | | |_   _| |__      / \   ___| |_(_) ___  _ __  ___      |
[2023-06-12 22:35:59Z INFO Terminal] WRITE LINE: |      | |  _| | __| |_| | | | | '_ \    / _ \ / __| __| |/ _ \| '_ \/ __|     |
[2023-06-12 22:35:59Z INFO Terminal] WRITE LINE: |      | |_| | | |_|  _  | |_| | |_) |  / ___ \ (__| |_| | (_) | | | \__ \     |
[2023-06-12 22:35:59Z INFO Terminal] WRITE LINE: |       \____|_|\__|_| |_|\__,_|_.__/  /_/   \_\___|\__|_|\___/|_| |_|___/     |
[2023-06-12 22:35:59Z INFO Terminal] WRITE LINE: |                                                                              |
[2023-06-12 22:35:59Z INFO Terminal] WRITE: |                       
[2023-06-12 22:35:59Z INFO Terminal] WRITE: Self-hosted runner registration
[2023-06-12 22:35:59Z INFO Terminal] WRITE LINE:                         |
[2023-06-12 22:35:59Z INFO Terminal] WRITE LINE: |                                                                              |
[2023-06-12 22:35:59Z INFO Terminal] WRITE LINE: --------------------------------------------------------------------------------
[2023-06-12 22:35:59Z INFO ConfigurationManager] ConfigureAsync
[2023-06-12 22:35:59Z INFO CommandSettings] Flag 'generateServiceConfig': 'False'
[2023-06-12 22:35:59Z INFO ConfigurationStore] IsConfigured()
[2023-06-12 22:35:59Z INFO ConfigurationStore] IsConfigured: True
[2023-06-12 22:35:59Z INFO ConfigurationManager] Is configured: True
[2023-06-12 22:35:59Z ERR  Runner] System.InvalidOperationException: Cannot configure the runner because it is already configured. To reconfigure the runner, run 'config.cmd remove' or './config.sh remove' first.
   at GitHub.Runner.Listener.Configuration.ConfigurationManager.ConfigureAsync(CommandSettings command)
   at GitHub.Runner.Listener.Runner.ExecuteCommand(CommandSettings command)
[2023-06-12 22:35:59Z ERR  Terminal] WRITE ERROR: Cannot configure the runner because it is already configured. To reconfigure the runner, run 'config.cmd remove' or './config.sh remove' first.
[2023-06-12 22:35:59Z INFO Listener] Runner execution has finished with return code 1
