[2023-06-12 22:35:36Z INFO HostContext] No proxy settings were found based on environmental variables (http_proxy/https_proxy/HTTP_PROXY/HTTPS_PROXY)
[2023-06-12 22:35:36Z INFO HostContext] Well known directory 'Bin': '/Users/noedenisel/Desktop/Rick-and-Morty/bin'
[2023-06-12 22:35:36Z INFO HostContext] Well known directory 'Root': '/Users/noedenisel/Desktop/Rick-and-Morty'
[2023-06-12 22:35:36Z INFO HostContext] Well known config file 'Credentials': '/Users/noedenisel/Desktop/Rick-and-Morty/.credentials'
[2023-06-12 22:35:36Z INFO HostContext] Well known directory 'Bin': '/Users/noedenisel/Desktop/Rick-and-Morty/bin'
[2023-06-12 22:35:36Z INFO HostContext] Well known directory 'Root': '/Users/noedenisel/Desktop/Rick-and-Morty'
[2023-06-12 22:35:36Z INFO HostContext] Well known config file 'Runner': '/Users/noedenisel/Desktop/Rick-and-Morty/.runner'
[2023-06-12 22:35:36Z INFO Listener] Runner is built for OSX (X64) - osx-x64.
[2023-06-12 22:35:36Z INFO Listener] RuntimeInformation: Darwin 22.5.0 Darwin Kernel Version 22.5.0: Mon Apr 24 20:52:43 PDT 2023; root:xnu-8796.121.2~5/RELEASE_ARM64_T8112.
[2023-06-12 22:35:36Z INFO Listener] Version: 2.304.0
[2023-06-12 22:35:36Z INFO Listener] Commit: 9ef4121b5b31ee5c03b7770288213d741081f747
[2023-06-12 22:35:36Z INFO Listener] Culture: en-US
[2023-06-12 22:35:36Z INFO Listener] UI Culture: en-US
[2023-06-12 22:35:36Z INFO HostContext] Well known directory 'Bin': '/Users/noedenisel/Desktop/Rick-and-Morty/bin'
[2023-06-12 22:35:36Z INFO HostContext] Well known directory 'Root': '/Users/noedenisel/Desktop/Rick-and-Morty'
[2023-06-12 22:35:36Z INFO Listener] Validating directory permissions for: '/Users/noedenisel/Desktop/Rick-and-Morty'
[2023-06-12 22:35:36Z INFO CommandLineParser] Parse
[2023-06-12 22:35:36Z INFO CommandLineParser] Parsing 1 args
[2023-06-12 22:35:36Z INFO CommandLineParser] parsing argument
[2023-06-12 22:35:36Z INFO CommandLineParser] HasArgs: False
[2023-06-12 22:35:36Z INFO CommandLineParser] Adding Command: remove
[2023-06-12 22:35:36Z INFO Listener] Arguments parsed
[2023-06-12 22:35:36Z INFO Runner] ExecuteCommand
[2023-06-12 22:35:36Z INFO ConfigurationStore] currentAssemblyLocation: /Users/noedenisel/Desktop/Rick-and-Morty/bin/Runner.Listener.dll
[2023-06-12 22:35:36Z INFO HostContext] Well known directory 'Bin': '/Users/noedenisel/Desktop/Rick-and-Morty/bin'
[2023-06-12 22:35:36Z INFO ConfigurationStore] binPath: /Users/noedenisel/Desktop/Rick-and-Morty/bin
[2023-06-12 22:35:36Z INFO HostContext] Well known directory 'Bin': '/Users/noedenisel/Desktop/Rick-and-Morty/bin'
[2023-06-12 22:35:36Z INFO HostContext] Well known directory 'Root': '/Users/noedenisel/Desktop/Rick-and-Morty'
[2023-06-12 22:35:36Z INFO ConfigurationStore] RootFolder: /Users/noedenisel/Desktop/Rick-and-Morty
[2023-06-12 22:35:36Z INFO HostContext] Well known directory 'Bin': '/Users/noedenisel/Desktop/Rick-and-Morty/bin'
[2023-06-12 22:35:36Z INFO HostContext] Well known directory 'Root': '/Users/noedenisel/Desktop/Rick-and-Morty'
[2023-06-12 22:35:36Z INFO HostContext] Well known config file 'Runner': '/Users/noedenisel/Desktop/Rick-and-Morty/.runner'
[2023-06-12 22:35:36Z INFO ConfigurationStore] ConfigFilePath: /Users/noedenisel/Desktop/Rick-and-Morty/.runner
[2023-06-12 22:35:36Z INFO HostContext] Well known directory 'Bin': '/Users/noedenisel/Desktop/Rick-and-Morty/bin'
[2023-06-12 22:35:36Z INFO HostContext] Well known directory 'Root': '/Users/noedenisel/Desktop/Rick-and-Morty'
[2023-06-12 22:35:36Z INFO HostContext] Well known config file 'Credentials': '/Users/noedenisel/Desktop/Rick-and-Morty/.credentials'
[2023-06-12 22:35:36Z INFO ConfigurationStore] CredFilePath: /Users/noedenisel/Desktop/Rick-and-Morty/.credentials
[2023-06-12 22:35:36Z INFO HostContext] Well known directory 'Bin': '/Users/noedenisel/Desktop/Rick-and-Morty/bin'
[2023-06-12 22:35:36Z INFO HostContext] Well known directory 'Root': '/Users/noedenisel/Desktop/Rick-and-Morty'
[2023-06-12 22:35:36Z INFO HostContext] Well known config file 'MigratedCredentials': '/Users/noedenisel/Desktop/Rick-and-Morty/.credentials_migrated'
[2023-06-12 22:35:36Z INFO ConfigurationStore] MigratedCredFilePath: /Users/noedenisel/Desktop/Rick-and-Morty/.credentials_migrated
[2023-06-12 22:35:36Z INFO HostContext] Well known directory 'Bin': '/Users/noedenisel/Desktop/Rick-and-Morty/bin'
[2023-06-12 22:35:36Z INFO HostContext] Well known directory 'Root': '/Users/noedenisel/Desktop/Rick-and-Morty'
[2023-06-12 22:35:36Z INFO HostContext] Well known config file 'Service': '/Users/noedenisel/Desktop/Rick-and-Morty/.service'
[2023-06-12 22:35:36Z INFO ConfigurationStore] ServiceConfigFilePath: /Users/noedenisel/Desktop/Rick-and-Morty/.service
[2023-06-12 22:35:36Z INFO CommandSettings] Flag 'help': 'False'
[2023-06-12 22:35:36Z INFO CommandSettings] Flag 'version': 'False'
[2023-06-12 22:35:36Z INFO CommandSettings] Flag 'commit': 'False'
[2023-06-12 22:35:36Z INFO CommandSettings] Flag 'check': 'False'
[2023-06-12 22:35:36Z INFO CommandSettings] Command 'configure': 'False'
[2023-06-12 22:35:36Z INFO CommandSettings] Command 'remove': 'True'
[2023-06-12 22:35:36Z INFO CommandSettings] Flag 'local': 'False'
[2023-06-12 22:35:36Z INFO ConfigurationStore] IsServiceConfigured()
[2023-06-12 22:35:36Z INFO ConfigurationStore] IsServiceConfigured: False
[2023-06-12 22:35:36Z INFO ConfigurationStore] IsConfigured()
[2023-06-12 22:35:36Z INFO ConfigurationStore] IsConfigured: True
[2023-06-12 22:35:36Z INFO ConfigurationStore] HasCredentials()
[2023-06-12 22:35:36Z INFO ConfigurationStore] stored True
[2023-06-12 22:35:36Z INFO ConfigurationStore] Read setting file: 308 chars
[2023-06-12 22:35:36Z INFO CommandSettings] Arg 'token': ''
[2023-06-12 22:35:36Z INFO CommandSettings] Flag 'unattended': 'False'
[2023-06-12 22:35:36Z INFO PromptManager] ReadValue
[2023-06-12 22:35:36Z INFO Terminal] WRITE: Enter runner remove token: 
[2023-06-12 22:35:36Z INFO Terminal] READ SECRET
[2023-06-12 22:35:50Z INFO Terminal] Read value: ''
[2023-06-12 22:35:50Z INFO Terminal] WRITE: Enter runner remove token: 
[2023-06-12 22:35:50Z INFO Terminal] READ SECRET
[2023-06-12 22:35:50Z INFO Terminal] Read value: ''
[2023-06-12 22:35:50Z INFO Terminal] WRITE: Enter runner remove token: 
[2023-06-12 22:35:50Z INFO Terminal] READ SECRET
[2023-06-12 22:35:51Z INFO Terminal] Read value: ''
[2023-06-12 22:35:51Z INFO Terminal] WRITE: Enter runner remove token: 
[2023-06-12 22:35:51Z INFO Terminal] READ SECRET
[2023-06-12 22:35:51Z INFO Terminal] Read value: ''
[2023-06-12 22:35:51Z INFO Terminal] WRITE: Enter runner remove token: 
[2023-06-12 22:35:51Z INFO Terminal] READ SECRET
[2023-06-12 22:35:53Z INFO Terminal] Read value: '***'
[2023-06-12 22:35:54Z ERR  Terminal] WRITE ERROR: Http response code: NotFound from 'POST https://api.github.com/actions/runner-registration' (Request Id: FF95:409C:1389F1E:15266C5:64879DCA)
[2023-06-12 22:35:54Z ERR  Terminal] WRITE ERROR: {"message":"Not Found","documentation_url":"https://docs.github.com/rest"}
[2023-06-12 22:35:54Z ERR  Terminal] WRITE ERROR: Failed: Removing runner from the server
[2023-06-12 22:35:54Z ERR  Runner] System.Net.Http.HttpRequestException: Response status code does not indicate success: 404 (Not Found).
   at System.Net.Http.HttpResponseMessage.EnsureSuccessStatusCode()
   at GitHub.Runner.Listener.Configuration.ConfigurationManager.GetTenantCredential(String githubUrl, String githubToken, String runnerEvent)
   at GitHub.Runner.Listener.Configuration.ConfigurationManager.UnconfigureAsync(CommandSettings command)
   at GitHub.Runner.Listener.Runner.ExecuteCommand(CommandSettings command)
[2023-06-12 22:35:54Z ERR  Terminal] WRITE ERROR: Response status code does not indicate success: 404 (Not Found).
[2023-06-12 22:35:54Z INFO Listener] Runner execution has finished with return code 1
