[2023-06-12 22:36:59Z INFO HostContext] No proxy settings were found based on environmental variables (http_proxy/https_proxy/HTTP_PROXY/HTTPS_PROXY)
[2023-06-12 22:36:59Z INFO HostContext] Well known directory 'Bin': '/Users/noedenisel/Desktop/Rick-and-Morty/bin'
[2023-06-12 22:36:59Z INFO HostContext] Well known directory 'Root': '/Users/noedenisel/Desktop/Rick-and-Morty'
[2023-06-12 22:36:59Z INFO HostContext] Well known config file 'Credentials': '/Users/noedenisel/Desktop/Rick-and-Morty/.credentials'
[2023-06-12 22:36:59Z INFO HostContext] Well known directory 'Bin': '/Users/noedenisel/Desktop/Rick-and-Morty/bin'
[2023-06-12 22:36:59Z INFO HostContext] Well known directory 'Root': '/Users/noedenisel/Desktop/Rick-and-Morty'
[2023-06-12 22:36:59Z INFO HostContext] Well known config file 'Runner': '/Users/noedenisel/Desktop/Rick-and-Morty/.runner'
[2023-06-12 22:36:59Z INFO Listener] Runner is built for OSX (X64) - osx-x64.
[2023-06-12 22:36:59Z INFO Listener] RuntimeInformation: Darwin 22.5.0 Darwin Kernel Version 22.5.0: Mon Apr 24 20:52:43 PDT 2023; root:xnu-8796.121.2~5/RELEASE_ARM64_T8112.
[2023-06-12 22:36:59Z INFO Listener] Version: 2.304.0
[2023-06-12 22:36:59Z INFO Listener] Commit: 9ef4121b5b31ee5c03b7770288213d741081f747
[2023-06-12 22:36:59Z INFO Listener] Culture: en-US
[2023-06-12 22:36:59Z INFO Listener] UI Culture: en-US
[2023-06-12 22:36:59Z INFO HostContext] Well known directory 'Bin': '/Users/noedenisel/Desktop/Rick-and-Morty/bin'
[2023-06-12 22:36:59Z INFO HostContext] Well known directory 'Root': '/Users/noedenisel/Desktop/Rick-and-Morty'
[2023-06-12 22:36:59Z INFO Listener] Validating directory permissions for: '/Users/noedenisel/Desktop/Rick-and-Morty'
[2023-06-12 22:36:59Z INFO CommandLineParser] Parse
[2023-06-12 22:36:59Z INFO CommandLineParser] Parsing 1 args
[2023-06-12 22:36:59Z INFO CommandLineParser] parsing argument
[2023-06-12 22:36:59Z INFO CommandLineParser] HasArgs: False
[2023-06-12 22:36:59Z INFO CommandLineParser] Adding Command: remove
[2023-06-12 22:36:59Z INFO Listener] Arguments parsed
[2023-06-12 22:36:59Z INFO Runner] ExecuteCommand
[2023-06-12 22:36:59Z INFO ConfigurationStore] currentAssemblyLocation: /Users/noedenisel/Desktop/Rick-and-Morty/bin/Runner.Listener.dll
[2023-06-12 22:36:59Z INFO HostContext] Well known directory 'Bin': '/Users/noedenisel/Desktop/Rick-and-Morty/bin'
[2023-06-12 22:36:59Z INFO ConfigurationStore] binPath: /Users/noedenisel/Desktop/Rick-and-Morty/bin
[2023-06-12 22:36:59Z INFO HostContext] Well known directory 'Bin': '/Users/noedenisel/Desktop/Rick-and-Morty/bin'
[2023-06-12 22:36:59Z INFO HostContext] Well known directory 'Root': '/Users/noedenisel/Desktop/Rick-and-Morty'
[2023-06-12 22:36:59Z INFO ConfigurationStore] RootFolder: /Users/noedenisel/Desktop/Rick-and-Morty
[2023-06-12 22:36:59Z INFO HostContext] Well known directory 'Bin': '/Users/noedenisel/Desktop/Rick-and-Morty/bin'
[2023-06-12 22:36:59Z INFO HostContext] Well known directory 'Root': '/Users/noedenisel/Desktop/Rick-and-Morty'
[2023-06-12 22:36:59Z INFO HostContext] Well known config file 'Runner': '/Users/noedenisel/Desktop/Rick-and-Morty/.runner'
[2023-06-12 22:36:59Z INFO ConfigurationStore] ConfigFilePath: /Users/noedenisel/Desktop/Rick-and-Morty/.runner
[2023-06-12 22:36:59Z INFO HostContext] Well known directory 'Bin': '/Users/noedenisel/Desktop/Rick-and-Morty/bin'
[2023-06-12 22:36:59Z INFO HostContext] Well known directory 'Root': '/Users/noedenisel/Desktop/Rick-and-Morty'
[2023-06-12 22:36:59Z INFO HostContext] Well known config file 'Credentials': '/Users/noedenisel/Desktop/Rick-and-Morty/.credentials'
[2023-06-12 22:36:59Z INFO ConfigurationStore] CredFilePath: /Users/noedenisel/Desktop/Rick-and-Morty/.credentials
[2023-06-12 22:36:59Z INFO HostContext] Well known directory 'Bin': '/Users/noedenisel/Desktop/Rick-and-Morty/bin'
[2023-06-12 22:36:59Z INFO HostContext] Well known directory 'Root': '/Users/noedenisel/Desktop/Rick-and-Morty'
[2023-06-12 22:36:59Z INFO HostContext] Well known config file 'MigratedCredentials': '/Users/noedenisel/Desktop/Rick-and-Morty/.credentials_migrated'
[2023-06-12 22:36:59Z INFO ConfigurationStore] MigratedCredFilePath: /Users/noedenisel/Desktop/Rick-and-Morty/.credentials_migrated
[2023-06-12 22:36:59Z INFO HostContext] Well known directory 'Bin': '/Users/noedenisel/Desktop/Rick-and-Morty/bin'
[2023-06-12 22:36:59Z INFO HostContext] Well known directory 'Root': '/Users/noedenisel/Desktop/Rick-and-Morty'
[2023-06-12 22:36:59Z INFO HostContext] Well known config file 'Service': '/Users/noedenisel/Desktop/Rick-and-Morty/.service'
[2023-06-12 22:36:59Z INFO ConfigurationStore] ServiceConfigFilePath: /Users/noedenisel/Desktop/Rick-and-Morty/.service
[2023-06-12 22:36:59Z INFO CommandSettings] Flag 'help': 'False'
[2023-06-12 22:36:59Z INFO CommandSettings] Flag 'version': 'False'
[2023-06-12 22:36:59Z INFO CommandSettings] Flag 'commit': 'False'
[2023-06-12 22:36:59Z INFO CommandSettings] Flag 'check': 'False'
[2023-06-12 22:36:59Z INFO CommandSettings] Command 'configure': 'False'
[2023-06-12 22:36:59Z INFO CommandSettings] Command 'remove': 'True'
[2023-06-12 22:36:59Z INFO CommandSettings] Flag 'local': 'False'
[2023-06-12 22:36:59Z INFO ConfigurationStore] IsServiceConfigured()
[2023-06-12 22:36:59Z INFO ConfigurationStore] IsServiceConfigured: False
[2023-06-12 22:36:59Z INFO ConfigurationStore] IsConfigured()
[2023-06-12 22:36:59Z INFO ConfigurationStore] IsConfigured: False
[2023-06-12 22:36:59Z INFO ConfigurationStore] HasCredentials()
[2023-06-12 22:36:59Z INFO ConfigurationStore] stored False
[2023-06-12 22:36:59Z INFO Terminal] WRITE LINE: Cannot connect to server, because config files are missing. Skipping removing runner from the server.
[2023-06-12 22:36:59Z INFO ConfigurationStore] IsConfigured()
[2023-06-12 22:36:59Z INFO ConfigurationStore] IsConfigured: False
[2023-06-12 22:36:59Z INFO ConfigurationStore] HasCredentials()
[2023-06-12 22:36:59Z INFO ConfigurationStore] stored False
[2023-06-12 22:36:59Z INFO Terminal] WRITE LINE: Does not exist. Skipping Removing .credentials
[2023-06-12 22:36:59Z INFO Terminal] WRITE LINE: Does not exist. Skipping Removing .runner
[2023-06-12 22:36:59Z INFO Terminal] WRITE LINE: 
[2023-06-12 22:36:59Z INFO Listener] Runner execution has finished with return code 0
