[2023-06-12 22:38:12Z INFO HostContext] No proxy settings were found based on environmental variables (http_proxy/https_proxy/HTTP_PROXY/HTTPS_PROXY)
[2023-06-12 22:38:12Z INFO HostContext] Well known directory 'Bin': '/Users/noedenisel/Desktop/Rick-and-Morty/bin'
[2023-06-12 22:38:12Z INFO HostContext] Well known directory 'Root': '/Users/noedenisel/Desktop/Rick-and-Morty'
[2023-06-12 22:38:12Z INFO HostContext] Well known config file 'Credentials': '/Users/noedenisel/Desktop/Rick-and-Morty/.credentials'
[2023-06-12 22:38:13Z INFO HostContext] Well known directory 'Bin': '/Users/noedenisel/Desktop/Rick-and-Morty/bin'
[2023-06-12 22:38:13Z INFO HostContext] Well known directory 'Root': '/Users/noedenisel/Desktop/Rick-and-Morty'
[2023-06-12 22:38:13Z INFO HostContext] Well known config file 'Runner': '/Users/noedenisel/Desktop/Rick-and-Morty/.runner'
[2023-06-12 22:38:13Z INFO Listener] Runner is built for OSX (X64) - osx-x64.
[2023-06-12 22:38:13Z INFO Listener] RuntimeInformation: Darwin 22.5.0 Darwin Kernel Version 22.5.0: Mon Apr 24 20:52:43 PDT 2023; root:xnu-8796.121.2~5/RELEASE_ARM64_T8112.
[2023-06-12 22:38:13Z INFO Listener] Version: 2.304.0
[2023-06-12 22:38:13Z INFO Listener] Commit: 9ef4121b5b31ee5c03b7770288213d741081f747
[2023-06-12 22:38:13Z INFO Listener] Culture: en-US
[2023-06-12 22:38:13Z INFO Listener] UI Culture: en-US
[2023-06-12 22:38:13Z INFO HostContext] Well known directory 'Bin': '/Users/noedenisel/Desktop/Rick-and-Morty/bin'
[2023-06-12 22:38:13Z INFO HostContext] Well known directory 'Root': '/Users/noedenisel/Desktop/Rick-and-Morty'
[2023-06-12 22:38:13Z INFO Listener] Validating directory permissions for: '/Users/noedenisel/Desktop/Rick-and-Morty'
[2023-06-12 22:38:13Z INFO CommandLineParser] Parse
[2023-06-12 22:38:13Z INFO CommandLineParser] Parsing 1 args
[2023-06-12 22:38:13Z INFO CommandLineParser] parsing argument
[2023-06-12 22:38:13Z INFO CommandLineParser] HasArgs: False
[2023-06-12 22:38:13Z INFO CommandLineParser] Adding Command: run
[2023-06-12 22:38:13Z INFO Listener] Arguments parsed
[2023-06-12 22:38:13Z INFO Runner] ExecuteCommand
[2023-06-12 22:38:13Z INFO ConfigurationStore] currentAssemblyLocation: /Users/noedenisel/Desktop/Rick-and-Morty/bin/Runner.Listener.dll
[2023-06-12 22:38:13Z INFO HostContext] Well known directory 'Bin': '/Users/noedenisel/Desktop/Rick-and-Morty/bin'
[2023-06-12 22:38:13Z INFO ConfigurationStore] binPath: /Users/noedenisel/Desktop/Rick-and-Morty/bin
[2023-06-12 22:38:13Z INFO HostContext] Well known directory 'Bin': '/Users/noedenisel/Desktop/Rick-and-Morty/bin'
[2023-06-12 22:38:13Z INFO HostContext] Well known directory 'Root': '/Users/noedenisel/Desktop/Rick-and-Morty'
[2023-06-12 22:38:13Z INFO ConfigurationStore] RootFolder: /Users/noedenisel/Desktop/Rick-and-Morty
[2023-06-12 22:38:13Z INFO HostContext] Well known directory 'Bin': '/Users/noedenisel/Desktop/Rick-and-Morty/bin'
[2023-06-12 22:38:13Z INFO HostContext] Well known directory 'Root': '/Users/noedenisel/Desktop/Rick-and-Morty'
[2023-06-12 22:38:13Z INFO HostContext] Well known config file 'Runner': '/Users/noedenisel/Desktop/Rick-and-Morty/.runner'
[2023-06-12 22:38:13Z INFO ConfigurationStore] ConfigFilePath: /Users/noedenisel/Desktop/Rick-and-Morty/.runner
[2023-06-12 22:38:13Z INFO HostContext] Well known directory 'Bin': '/Users/noedenisel/Desktop/Rick-and-Morty/bin'
[2023-06-12 22:38:13Z INFO HostContext] Well known directory 'Root': '/Users/noedenisel/Desktop/Rick-and-Morty'
[2023-06-12 22:38:13Z INFO HostContext] Well known config file 'Credentials': '/Users/noedenisel/Desktop/Rick-and-Morty/.credentials'
[2023-06-12 22:38:13Z INFO ConfigurationStore] CredFilePath: /Users/noedenisel/Desktop/Rick-and-Morty/.credentials
[2023-06-12 22:38:13Z INFO HostContext] Well known directory 'Bin': '/Users/noedenisel/Desktop/Rick-and-Morty/bin'
[2023-06-12 22:38:13Z INFO HostContext] Well known directory 'Root': '/Users/noedenisel/Desktop/Rick-and-Morty'
[2023-06-12 22:38:13Z INFO HostContext] Well known config file 'MigratedCredentials': '/Users/noedenisel/Desktop/Rick-and-Morty/.credentials_migrated'
[2023-06-12 22:38:13Z INFO ConfigurationStore] MigratedCredFilePath: /Users/noedenisel/Desktop/Rick-and-Morty/.credentials_migrated
[2023-06-12 22:38:13Z INFO HostContext] Well known directory 'Bin': '/Users/noedenisel/Desktop/Rick-and-Morty/bin'
[2023-06-12 22:38:13Z INFO HostContext] Well known directory 'Root': '/Users/noedenisel/Desktop/Rick-and-Morty'
[2023-06-12 22:38:13Z INFO HostContext] Well known config file 'Service': '/Users/noedenisel/Desktop/Rick-and-Morty/.service'
[2023-06-12 22:38:13Z INFO ConfigurationStore] ServiceConfigFilePath: /Users/noedenisel/Desktop/Rick-and-Morty/.service
[2023-06-12 22:38:13Z INFO CommandSettings] Flag 'help': 'False'
[2023-06-12 22:38:13Z INFO CommandSettings] Flag 'version': 'False'
[2023-06-12 22:38:13Z INFO CommandSettings] Flag 'commit': 'False'
[2023-06-12 22:38:13Z INFO CommandSettings] Flag 'check': 'False'
[2023-06-12 22:38:13Z INFO CommandSettings] Command 'configure': 'False'
[2023-06-12 22:38:13Z INFO CommandSettings] Command 'remove': 'False'
[2023-06-12 22:38:13Z INFO CommandSettings] Command 'warmup': 'False'
[2023-06-12 22:38:13Z INFO ConfigurationManager] LoadSettings
[2023-06-12 22:38:13Z INFO ConfigurationStore] IsConfigured()
[2023-06-12 22:38:13Z INFO ConfigurationStore] IsConfigured: True
[2023-06-12 22:38:13Z INFO ConfigurationManager] Is configured: True
[2023-06-12 22:38:13Z INFO ConfigurationStore] Read setting file: 308 chars
[2023-06-12 22:38:13Z INFO ConfigurationManager] Settings Loaded
[2023-06-12 22:38:13Z INFO ConfigurationStore] IsServiceConfigured()
[2023-06-12 22:38:13Z INFO ConfigurationStore] IsServiceConfigured: False
[2023-06-12 22:38:13Z INFO CommandSettings] Command 'run': 'True'
[2023-06-12 22:38:13Z INFO ConfigurationStore] IsConfigured()
[2023-06-12 22:38:13Z INFO ConfigurationStore] IsConfigured: True
[2023-06-12 22:38:13Z INFO ConfigurationManager] Is configured: True
[2023-06-12 22:38:13Z INFO Runner] Could not parse the argument value '' for StartupType. Defaulting to Manual
[2023-06-12 22:38:13Z INFO Runner] Set runner startup type - Manual
[2023-06-12 22:38:13Z INFO CommandSettings] Flag 'once': 'False'
[2023-06-12 22:38:13Z INFO CommandSettings] Flag 'once': 'False'
[2023-06-12 22:38:13Z INFO Runner] RunAsync
[2023-06-12 22:38:13Z INFO ConfigurationManager] LoadSettings
[2023-06-12 22:38:13Z INFO ConfigurationStore] IsConfigured()
[2023-06-12 22:38:13Z INFO ConfigurationStore] IsConfigured: True
[2023-06-12 22:38:13Z INFO ConfigurationManager] Is configured: True
[2023-06-12 22:38:13Z INFO ConfigurationManager] Settings Loaded
[2023-06-12 22:38:13Z INFO MessageListener] {
  "AgentId": 24,
  "AgentName": "MacBook-Pro-de-Noe-Denise",
  "PoolId": 1,
  "PoolName": "Default",
  "ServerUrl": "https://pipelines.actions.githubusercontent.com/JIWdNYb9N6pLJtAc6QwtYjbzoEYbQ8eRKU1u6BSVp0Ic1UkUzN",
  "GitHubUrl": "https://github.com/noedenisel/Rick-and-Morty",
  "WorkFolder": "_work"
}
[2023-06-12 22:38:13Z INFO MessageListener] Loading Credentials
[2023-06-12 22:38:13Z INFO ConfigurationStore] HasCredentials()
[2023-06-12 22:38:13Z INFO ConfigurationStore] stored True
[2023-06-12 22:38:13Z INFO CredentialManager] GetCredentialProvider
[2023-06-12 22:38:13Z INFO CredentialManager] Creating type OAuth
[2023-06-12 22:38:13Z INFO CredentialManager] Creating credential type: OAuth
[2023-06-12 22:38:13Z INFO HostContext] Well known directory 'Bin': '/Users/noedenisel/Desktop/Rick-and-Morty/bin'
[2023-06-12 22:38:13Z INFO HostContext] Well known directory 'Root': '/Users/noedenisel/Desktop/Rick-and-Morty'
[2023-06-12 22:38:13Z INFO HostContext] Well known config file 'RSACredentials': '/Users/noedenisel/Desktop/Rick-and-Morty/.credentials_rsaparams'
[2023-06-12 22:38:13Z INFO RSAFileKeyManager] Loading RSA key parameters from file /Users/noedenisel/Desktop/Rick-and-Morty/.credentials_rsaparams
[2023-06-12 22:38:13Z INFO MessageListener] Attempt to create session.
[2023-06-12 22:38:13Z INFO MessageListener] Connecting to the Runner Server...
[2023-06-12 22:38:13Z INFO RunnerServer] EstablishVssConnection
[2023-06-12 22:38:13Z INFO RunnerServer] Establish connection with 100 seconds timeout.
[2023-06-12 22:38:13Z INFO GitHubActionsService] Starting operation Location.GetConnectionData
[2023-06-12 22:38:13Z INFO RunnerServer] EstablishVssConnection
[2023-06-12 22:38:13Z INFO RunnerServer] Establish connection with 60 seconds timeout.
[2023-06-12 22:38:13Z INFO GitHubActionsService] Starting operation Location.GetConnectionData
[2023-06-12 22:38:13Z INFO RunnerServer] EstablishVssConnection
[2023-06-12 22:38:13Z INFO RunnerServer] Establish connection with 60 seconds timeout.
[2023-06-12 22:38:13Z INFO GitHubActionsService] Starting operation Location.GetConnectionData
[2023-06-12 22:38:14Z INFO GitHubActionsService] Finished operation Location.GetConnectionData
[2023-06-12 22:38:14Z INFO GitHubActionsService] Finished operation Location.GetConnectionData
[2023-06-12 22:38:14Z INFO GitHubActionsService] Finished operation Location.GetConnectionData
[2023-06-12 22:38:14Z INFO MessageListener] VssConnection created
[2023-06-12 22:38:14Z INFO Terminal] WRITE LINE: 
[2023-06-12 22:38:14Z INFO Terminal] WRITE LINE: 
[2023-06-12 22:38:15Z INFO RSAFileKeyManager] Loading RSA key parameters from file /Users/noedenisel/Desktop/Rick-and-Morty/.credentials_rsaparams
[2023-06-12 22:38:15Z INFO RSAFileKeyManager] Loading RSA key parameters from file /Users/noedenisel/Desktop/Rick-and-Morty/.credentials_rsaparams
[2023-06-12 22:38:15Z INFO GitHubActionsService] AAD Correlation ID for this token request: Unknown
[2023-06-12 22:38:16Z INFO MessageListener] Session created.
[2023-06-12 22:38:16Z INFO Terminal] WRITE LINE: Current runner version: '2.304.0'
[2023-06-12 22:38:16Z INFO Terminal] WRITE LINE: 2023-06-12 22:38:16Z: Listening for Jobs
[2023-06-12 22:38:16Z INFO JobDispatcher] Set runner/worker IPC timeout to 30 seconds.
[2023-06-12 22:39:11Z INFO RSAFileKeyManager] Loading RSA key parameters from file /Users/noedenisel/Desktop/Rick-and-Morty/.credentials_rsaparams
[2023-06-12 22:39:11Z INFO MessageListener] Message '1' received from session 'ba475c4e-9e04-4856-a5b5-34c9ffd66866'.
[2023-06-12 22:39:11Z INFO Runner] Received job message of length 23793 from service, with hash '7c29c45fba00998906662d471913590835ea7b2a79819e19c5568d2c983bec7f'
[2023-06-12 22:39:11Z INFO JobDispatcher] Job request 32 for plan 7ca76d77-219a-47d0-a287-a0c3d730a709 job ca395085-040a-526b-2ce8-bdc85f692774 received.
[2023-06-12 22:39:11Z INFO JobDispatcher] Pull OrchestrationId 7ca76d77-219a-47d0-a287-a0c3d730a709.build.__default from JWT claims
[2023-06-12 22:39:12Z INFO Terminal] WRITE LINE: 2023-06-12 22:39:12Z: Running job: build
[2023-06-12 22:39:12Z INFO JobDispatcher] Start renew job request 32 for job ca395085-040a-526b-2ce8-bdc85f692774.
[2023-06-12 22:39:12Z INFO JobDispatcher] Successfully renew job request 32, job is valid till 6/12/2023 10:49:12 PM
[2023-06-12 22:39:12Z INFO HostContext] Well known directory 'Bin': '/Users/noedenisel/Desktop/Rick-and-Morty/bin'
[2023-06-12 22:39:12Z INFO ProcessInvokerWrapper] Starting process:
[2023-06-12 22:39:12Z INFO ProcessInvokerWrapper]   File name: '/Users/noedenisel/Desktop/Rick-and-Morty/bin/Runner.Worker'
[2023-06-12 22:39:12Z INFO ProcessInvokerWrapper]   Arguments: 'spawnclient 107 110'
[2023-06-12 22:39:12Z INFO ProcessInvokerWrapper]   Working directory: '/Users/noedenisel/Desktop/Rick-and-Morty/bin'
[2023-06-12 22:39:12Z INFO ProcessInvokerWrapper]   Require exit code zero: 'False'
[2023-06-12 22:39:12Z INFO ProcessInvokerWrapper]   Encoding web name:  ; code page: ''
[2023-06-12 22:39:12Z INFO ProcessInvokerWrapper]   Force kill process on cancellation: 'True'
[2023-06-12 22:39:12Z INFO ProcessInvokerWrapper]   Redirected STDIN: 'False'
[2023-06-12 22:39:12Z INFO ProcessInvokerWrapper]   Persist current code page: 'False'
[2023-06-12 22:39:12Z INFO ProcessInvokerWrapper]   Keep redirected STDIN open: 'False'
[2023-06-12 22:39:12Z INFO ProcessInvokerWrapper]   High priority process: 'True'
[2023-06-12 22:39:12Z INFO ProcessInvokerWrapper] Process started with process id 34991, waiting for process exit.
[2023-06-12 22:39:12Z INFO JobDispatcher] Send job request message to worker for job ca395085-040a-526b-2ce8-bdc85f692774.
[2023-06-12 22:39:12Z INFO ProcessChannel] Sending message of length 23793, with hash '7c29c45fba00998906662d471913590835ea7b2a79819e19c5568d2c983bec7f'
[2023-06-12 22:39:12Z INFO JobNotification] Entering JobStarted Notification
[2023-06-12 22:39:12Z INFO JobNotification] Entering StartMonitor
[2023-06-12 22:40:13Z INFO JobDispatcher] Successfully renew job request 32, job is valid till 6/12/2023 10:50:12 PM
[2023-06-12 22:41:13Z INFO JobDispatcher] Successfully renew job request 32, job is valid till 6/12/2023 10:51:13 PM
[2023-06-12 22:41:22Z INFO ProcessInvokerWrapper] STDOUT/STDERR stream read finished.
[2023-06-12 22:41:22Z INFO ProcessInvokerWrapper] STDOUT/STDERR stream read finished.
[2023-06-12 22:41:22Z INFO ProcessInvokerWrapper] Finished process 34991 with exit code 102, and elapsed time 00:02:09.8563179.
[2023-06-12 22:41:22Z INFO JobDispatcher] Worker finished for job ca395085-040a-526b-2ce8-bdc85f692774. Code: 102
[2023-06-12 22:41:22Z INFO JobDispatcher] finish job request for job ca395085-040a-526b-2ce8-bdc85f692774 with result: Failed
[2023-06-12 22:41:22Z INFO Terminal] WRITE LINE: 2023-06-12 22:41:22Z: Job build completed with result: Failed
[2023-06-12 22:41:22Z INFO JobDispatcher] Stop renew job request for job ca395085-040a-526b-2ce8-bdc85f692774.
[2023-06-12 22:41:22Z INFO JobDispatcher] job renew has been cancelled, stop renew job request 32.
[2023-06-12 22:41:22Z INFO JobNotification] Entering JobCompleted Notification
[2023-06-12 22:41:22Z INFO JobNotification] Entering EndMonitor
[2023-06-12 22:48:28Z INFO RSAFileKeyManager] Loading RSA key parameters from file /Users/noedenisel/Desktop/Rick-and-Morty/.credentials_rsaparams
[2023-06-12 22:48:28Z INFO MessageListener] Message '2' received from session 'ba475c4e-9e04-4856-a5b5-34c9ffd66866'.
[2023-06-12 22:48:28Z INFO Runner] Received job message of length 22485 from service, with hash 'd93a6f76f21975d52c70cf94959ddde345a9a128e2cbaf7e972256795f220869'
[2023-06-12 22:48:28Z INFO JobDispatcher] Job request 35 for plan 35d47172-bb08-4dfa-a22e-c601ff091a98 job ca395085-040a-526b-2ce8-bdc85f692774 received.
[2023-06-12 22:48:28Z INFO JobDispatcher] Pull OrchestrationId 35d47172-bb08-4dfa-a22e-c601ff091a98.build.__default from JWT claims
[2023-06-12 22:48:28Z INFO JobDispatcher] Job request ca395085-040a-526b-2ce8-bdc85f692774 processed succeed.
[2023-06-12 22:48:28Z INFO Terminal] WRITE LINE: 2023-06-12 22:48:28Z: Running job: build
[2023-06-12 22:48:28Z INFO JobDispatcher] Start renew job request 35 for job ca395085-040a-526b-2ce8-bdc85f692774.
[2023-06-12 22:48:29Z INFO JobDispatcher] Successfully renew job request 35, job is valid till 6/12/2023 10:58:29 PM
[2023-06-12 22:48:29Z INFO HostContext] Well known directory 'Bin': '/Users/noedenisel/Desktop/Rick-and-Morty/bin'
[2023-06-12 22:48:29Z INFO ProcessInvokerWrapper] Starting process:
[2023-06-12 22:48:29Z INFO ProcessInvokerWrapper]   File name: '/Users/noedenisel/Desktop/Rick-and-Morty/bin/Runner.Worker'
[2023-06-12 22:48:29Z INFO ProcessInvokerWrapper]   Arguments: 'spawnclient 101 113'
[2023-06-12 22:48:29Z INFO ProcessInvokerWrapper]   Working directory: '/Users/noedenisel/Desktop/Rick-and-Morty/bin'
[2023-06-12 22:48:29Z INFO ProcessInvokerWrapper]   Require exit code zero: 'False'
[2023-06-12 22:48:29Z INFO ProcessInvokerWrapper]   Encoding web name:  ; code page: ''
[2023-06-12 22:48:29Z INFO ProcessInvokerWrapper]   Force kill process on cancellation: 'True'
[2023-06-12 22:48:29Z INFO ProcessInvokerWrapper]   Redirected STDIN: 'False'
[2023-06-12 22:48:29Z INFO ProcessInvokerWrapper]   Persist current code page: 'False'
[2023-06-12 22:48:29Z INFO ProcessInvokerWrapper]   Keep redirected STDIN open: 'False'
[2023-06-12 22:48:29Z INFO ProcessInvokerWrapper]   High priority process: 'True'
[2023-06-12 22:48:29Z INFO ProcessInvokerWrapper] Process started with process id 37948, waiting for process exit.
[2023-06-12 22:48:29Z INFO JobDispatcher] Send job request message to worker for job ca395085-040a-526b-2ce8-bdc85f692774.
[2023-06-12 22:48:29Z INFO ProcessChannel] Sending message of length 22485, with hash 'd93a6f76f21975d52c70cf94959ddde345a9a128e2cbaf7e972256795f220869'
[2023-06-12 22:48:29Z INFO JobNotification] Entering JobStarted Notification
[2023-06-12 22:48:29Z INFO JobNotification] Entering StartMonitor
[2023-06-12 22:49:19Z INFO ProcessInvokerWrapper] STDOUT/STDERR stream read finished.
[2023-06-12 22:49:19Z INFO ProcessInvokerWrapper] STDOUT/STDERR stream read finished.
[2023-06-12 22:49:19Z INFO ProcessInvokerWrapper] Finished process 37948 with exit code 102, and elapsed time 00:00:49.9696535.
[2023-06-12 22:49:19Z INFO JobDispatcher] Worker finished for job ca395085-040a-526b-2ce8-bdc85f692774. Code: 102
[2023-06-12 22:49:19Z INFO JobDispatcher] finish job request for job ca395085-040a-526b-2ce8-bdc85f692774 with result: Failed
[2023-06-12 22:49:19Z INFO Terminal] WRITE LINE: 2023-06-12 22:49:19Z: Job build completed with result: Failed
[2023-06-12 22:49:19Z INFO JobDispatcher] Stop renew job request for job ca395085-040a-526b-2ce8-bdc85f692774.
[2023-06-12 22:49:19Z INFO JobDispatcher] job renew has been cancelled, stop renew job request 35.
[2023-06-12 22:49:19Z INFO JobNotification] Entering JobCompleted Notification
[2023-06-12 22:49:19Z INFO JobNotification] Entering EndMonitor
[2023-06-12 22:50:01Z INFO RSAFileKeyManager] Loading RSA key parameters from file /Users/noedenisel/Desktop/Rick-and-Morty/.credentials_rsaparams
[2023-06-12 22:50:01Z INFO MessageListener] Message '3' received from session 'ba475c4e-9e04-4856-a5b5-34c9ffd66866'.
[2023-06-12 22:50:01Z INFO Runner] Received job message of length 23792 from service, with hash 'd7cbf3086ad4a107bdb7a5f637f7728debd02d87b91679f4e4cbdb533c821638'
[2023-06-12 22:50:01Z INFO JobDispatcher] Job request 38 for plan b9d03a0b-aac7-48a9-acb2-ac14428d174d job ca395085-040a-526b-2ce8-bdc85f692774 received.
[2023-06-12 22:50:01Z INFO JobDispatcher] Pull OrchestrationId b9d03a0b-aac7-48a9-acb2-ac14428d174d.build.__default from JWT claims
[2023-06-12 22:50:01Z INFO JobDispatcher] Job request ca395085-040a-526b-2ce8-bdc85f692774 processed succeed.
[2023-06-12 22:50:01Z INFO Terminal] WRITE LINE: 2023-06-12 22:50:01Z: Running job: build
[2023-06-12 22:50:01Z INFO JobDispatcher] Start renew job request 38 for job ca395085-040a-526b-2ce8-bdc85f692774.
[2023-06-12 22:50:02Z INFO JobDispatcher] Successfully renew job request 38, job is valid till 6/12/2023 11:00:02 PM
[2023-06-12 22:50:02Z INFO HostContext] Well known directory 'Bin': '/Users/noedenisel/Desktop/Rick-and-Morty/bin'
[2023-06-12 22:50:02Z INFO ProcessInvokerWrapper] Starting process:
[2023-06-12 22:50:02Z INFO ProcessInvokerWrapper]   File name: '/Users/noedenisel/Desktop/Rick-and-Morty/bin/Runner.Worker'
[2023-06-12 22:50:02Z INFO ProcessInvokerWrapper]   Arguments: 'spawnclient 101 113'
[2023-06-12 22:50:02Z INFO ProcessInvokerWrapper]   Working directory: '/Users/noedenisel/Desktop/Rick-and-Morty/bin'
[2023-06-12 22:50:02Z INFO ProcessInvokerWrapper]   Require exit code zero: 'False'
[2023-06-12 22:50:02Z INFO ProcessInvokerWrapper]   Encoding web name:  ; code page: ''
[2023-06-12 22:50:02Z INFO ProcessInvokerWrapper]   Force kill process on cancellation: 'True'
[2023-06-12 22:50:02Z INFO ProcessInvokerWrapper]   Redirected STDIN: 'False'
[2023-06-12 22:50:02Z INFO ProcessInvokerWrapper]   Persist current code page: 'False'
[2023-06-12 22:50:02Z INFO ProcessInvokerWrapper]   Keep redirected STDIN open: 'False'
[2023-06-12 22:50:02Z INFO ProcessInvokerWrapper]   High priority process: 'True'
[2023-06-12 22:50:02Z INFO ProcessInvokerWrapper] Process started with process id 38497, waiting for process exit.
[2023-06-12 22:50:02Z INFO JobDispatcher] Send job request message to worker for job ca395085-040a-526b-2ce8-bdc85f692774.
[2023-06-12 22:50:02Z INFO ProcessChannel] Sending message of length 23792, with hash 'd7cbf3086ad4a107bdb7a5f637f7728debd02d87b91679f4e4cbdb533c821638'
[2023-06-12 22:50:02Z INFO JobNotification] Entering JobStarted Notification
[2023-06-12 22:50:02Z INFO JobNotification] Entering StartMonitor
[2023-06-12 22:50:40Z INFO ProcessInvokerWrapper] STDOUT/STDERR stream read finished.
[2023-06-12 22:50:40Z INFO ProcessInvokerWrapper] STDOUT/STDERR stream read finished.
[2023-06-12 22:50:40Z INFO ProcessInvokerWrapper] Finished process 38497 with exit code 102, and elapsed time 00:00:37.4092130.
[2023-06-12 22:50:40Z INFO JobDispatcher] Worker finished for job ca395085-040a-526b-2ce8-bdc85f692774. Code: 102
[2023-06-12 22:50:40Z INFO JobDispatcher] finish job request for job ca395085-040a-526b-2ce8-bdc85f692774 with result: Failed
[2023-06-12 22:50:40Z INFO Terminal] WRITE LINE: 2023-06-12 22:50:40Z: Job build completed with result: Failed
[2023-06-12 22:50:40Z INFO JobDispatcher] Stop renew job request for job ca395085-040a-526b-2ce8-bdc85f692774.
[2023-06-12 22:50:40Z INFO JobDispatcher] job renew has been cancelled, stop renew job request 38.
[2023-06-12 22:50:40Z INFO JobNotification] Entering JobCompleted Notification
[2023-06-12 22:50:40Z INFO JobNotification] Entering EndMonitor
[2023-06-12 22:52:45Z INFO RSAFileKeyManager] Loading RSA key parameters from file /Users/noedenisel/Desktop/Rick-and-Morty/.credentials_rsaparams
[2023-06-12 22:52:45Z INFO MessageListener] Message '4' received from session 'ba475c4e-9e04-4856-a5b5-34c9ffd66866'.
[2023-06-12 22:52:45Z INFO Runner] Received job message of length 22485 from service, with hash 'dce9ee5c59446efa978aad57f6272ef7a78ad8107198e57b30efb5a1c68f88d4'
[2023-06-12 22:52:45Z INFO JobDispatcher] Job request 39 for plan 2cdbc1a9-e7e8-4793-b0ae-bf1cf2c43ebb job ca395085-040a-526b-2ce8-bdc85f692774 received.
[2023-06-12 22:52:45Z INFO JobDispatcher] Pull OrchestrationId 2cdbc1a9-e7e8-4793-b0ae-bf1cf2c43ebb.build.__default from JWT claims
[2023-06-12 22:52:45Z INFO JobDispatcher] Job request ca395085-040a-526b-2ce8-bdc85f692774 processed succeed.
[2023-06-12 22:52:45Z INFO Terminal] WRITE LINE: 2023-06-12 22:52:45Z: Running job: build
[2023-06-12 22:52:45Z INFO JobDispatcher] Start renew job request 39 for job ca395085-040a-526b-2ce8-bdc85f692774.
[2023-06-12 22:52:45Z INFO JobDispatcher] Successfully renew job request 39, job is valid till 6/12/2023 11:02:45 PM
[2023-06-12 22:52:45Z INFO HostContext] Well known directory 'Bin': '/Users/noedenisel/Desktop/Rick-and-Morty/bin'
[2023-06-12 22:52:45Z INFO ProcessInvokerWrapper] Starting process:
[2023-06-12 22:52:45Z INFO ProcessInvokerWrapper]   File name: '/Users/noedenisel/Desktop/Rick-and-Morty/bin/Runner.Worker'
[2023-06-12 22:52:45Z INFO ProcessInvokerWrapper]   Arguments: 'spawnclient 101 113'
[2023-06-12 22:52:45Z INFO ProcessInvokerWrapper]   Working directory: '/Users/noedenisel/Desktop/Rick-and-Morty/bin'
[2023-06-12 22:52:45Z INFO ProcessInvokerWrapper]   Require exit code zero: 'False'
[2023-06-12 22:52:45Z INFO ProcessInvokerWrapper]   Encoding web name:  ; code page: ''
[2023-06-12 22:52:45Z INFO ProcessInvokerWrapper]   Force kill process on cancellation: 'True'
[2023-06-12 22:52:45Z INFO ProcessInvokerWrapper]   Redirected STDIN: 'False'
[2023-06-12 22:52:45Z INFO ProcessInvokerWrapper]   Persist current code page: 'False'
[2023-06-12 22:52:45Z INFO ProcessInvokerWrapper]   Keep redirected STDIN open: 'False'
[2023-06-12 22:52:45Z INFO ProcessInvokerWrapper]   High priority process: 'True'
[2023-06-12 22:52:45Z INFO ProcessInvokerWrapper] Process started with process id 39382, waiting for process exit.
[2023-06-12 22:52:45Z INFO JobDispatcher] Send job request message to worker for job ca395085-040a-526b-2ce8-bdc85f692774.
[2023-06-12 22:52:45Z INFO ProcessChannel] Sending message of length 22485, with hash 'dce9ee5c59446efa978aad57f6272ef7a78ad8107198e57b30efb5a1c68f88d4'
[2023-06-12 22:52:45Z INFO JobNotification] Entering JobStarted Notification
[2023-06-12 22:52:45Z INFO JobNotification] Entering StartMonitor
[2023-06-12 22:53:26Z INFO ProcessInvokerWrapper] STDOUT/STDERR stream read finished.
[2023-06-12 22:53:26Z INFO ProcessInvokerWrapper] STDOUT/STDERR stream read finished.
[2023-06-12 22:53:26Z INFO ProcessInvokerWrapper] Finished process 39382 with exit code 102, and elapsed time 00:00:41.1468721.
[2023-06-12 22:53:26Z INFO JobDispatcher] Worker finished for job ca395085-040a-526b-2ce8-bdc85f692774. Code: 102
[2023-06-12 22:53:26Z INFO JobDispatcher] finish job request for job ca395085-040a-526b-2ce8-bdc85f692774 with result: Failed
[2023-06-12 22:53:26Z INFO Terminal] WRITE LINE: 2023-06-12 22:53:26Z: Job build completed with result: Failed
[2023-06-12 22:53:26Z INFO JobDispatcher] Stop renew job request for job ca395085-040a-526b-2ce8-bdc85f692774.
[2023-06-12 22:53:26Z INFO JobDispatcher] job renew has been cancelled, stop renew job request 39.
[2023-06-12 22:53:26Z INFO JobNotification] Entering JobCompleted Notification
[2023-06-12 22:53:26Z INFO JobNotification] Entering EndMonitor
