[2023-06-10 22:21:03Z INFO HostContext] No proxy settings were found based on environmental variables (http_proxy/https_proxy/HTTP_PROXY/HTTPS_PROXY)
[2023-06-10 22:21:03Z INFO HostContext] Well known directory 'Bin': '/Users/noedenisel/Desktop/Rick-and-Morty/actions-runner/bin'
[2023-06-10 22:21:03Z INFO HostContext] Well known directory 'Root': '/Users/noedenisel/Desktop/Rick-and-Morty/actions-runner'
[2023-06-10 22:21:03Z INFO HostContext] Well known config file 'Credentials': '/Users/noedenisel/Desktop/Rick-and-Morty/actions-runner/.credentials'
[2023-06-10 22:21:04Z INFO HostContext] Well known directory 'Bin': '/Users/noedenisel/Desktop/Rick-and-Morty/actions-runner/bin'
[2023-06-10 22:21:04Z INFO HostContext] Well known directory 'Root': '/Users/noedenisel/Desktop/Rick-and-Morty/actions-runner'
[2023-06-10 22:21:04Z INFO HostContext] Well known config file 'Runner': '/Users/noedenisel/Desktop/Rick-and-Morty/actions-runner/.runner'
[2023-06-10 22:21:04Z INFO Listener] Runner is built for OSX (X64) - osx-x64.
[2023-06-10 22:21:04Z INFO Listener] RuntimeInformation: Darwin 22.5.0 Darwin Kernel Version 22.5.0: Mon Apr 24 20:52:43 PDT 2023; root:xnu-8796.121.2~5/RELEASE_ARM64_T8112.
[2023-06-10 22:21:04Z INFO Listener] Version: 2.304.0
[2023-06-10 22:21:04Z INFO Listener] Commit: 9ef4121b5b31ee5c03b7770288213d741081f747
[2023-06-10 22:21:04Z INFO Listener] Culture: en-US
[2023-06-10 22:21:04Z INFO Listener] UI Culture: en-US
[2023-06-10 22:21:04Z INFO HostContext] Well known directory 'Bin': '/Users/noedenisel/Desktop/Rick-and-Morty/actions-runner/bin'
[2023-06-10 22:21:04Z INFO HostContext] Well known directory 'Root': '/Users/noedenisel/Desktop/Rick-and-Morty/actions-runner'
[2023-06-10 22:21:04Z INFO Listener] Validating directory permissions for: '/Users/noedenisel/Desktop/Rick-and-Morty/actions-runner'
[2023-06-10 22:21:04Z INFO CommandLineParser] Parse
[2023-06-10 22:21:04Z INFO CommandLineParser] Parsing 1 args
[2023-06-10 22:21:04Z INFO CommandLineParser] parsing argument
[2023-06-10 22:21:04Z INFO CommandLineParser] HasArgs: False
[2023-06-10 22:21:04Z INFO CommandLineParser] Adding Command: run
[2023-06-10 22:21:04Z INFO Listener] Arguments parsed
[2023-06-10 22:21:04Z INFO Runner] ExecuteCommand
[2023-06-10 22:21:04Z INFO ConfigurationStore] currentAssemblyLocation: /Users/noedenisel/Desktop/Rick-and-Morty/actions-runner/bin/Runner.Listener.dll
[2023-06-10 22:21:04Z INFO HostContext] Well known directory 'Bin': '/Users/noedenisel/Desktop/Rick-and-Morty/actions-runner/bin'
[2023-06-10 22:21:04Z INFO ConfigurationStore] binPath: /Users/noedenisel/Desktop/Rick-and-Morty/actions-runner/bin
[2023-06-10 22:21:04Z INFO HostContext] Well known directory 'Bin': '/Users/noedenisel/Desktop/Rick-and-Morty/actions-runner/bin'
[2023-06-10 22:21:04Z INFO HostContext] Well known directory 'Root': '/Users/noedenisel/Desktop/Rick-and-Morty/actions-runner'
[2023-06-10 22:21:04Z INFO ConfigurationStore] RootFolder: /Users/noedenisel/Desktop/Rick-and-Morty/actions-runner
[2023-06-10 22:21:04Z INFO HostContext] Well known directory 'Bin': '/Users/noedenisel/Desktop/Rick-and-Morty/actions-runner/bin'
[2023-06-10 22:21:04Z INFO HostContext] Well known directory 'Root': '/Users/noedenisel/Desktop/Rick-and-Morty/actions-runner'
[2023-06-10 22:21:04Z INFO HostContext] Well known config file 'Runner': '/Users/noedenisel/Desktop/Rick-and-Morty/actions-runner/.runner'
[2023-06-10 22:21:04Z INFO ConfigurationStore] ConfigFilePath: /Users/noedenisel/Desktop/Rick-and-Morty/actions-runner/.runner
[2023-06-10 22:21:04Z INFO HostContext] Well known directory 'Bin': '/Users/noedenisel/Desktop/Rick-and-Morty/actions-runner/bin'
[2023-06-10 22:21:04Z INFO HostContext] Well known directory 'Root': '/Users/noedenisel/Desktop/Rick-and-Morty/actions-runner'
[2023-06-10 22:21:04Z INFO HostContext] Well known config file 'Credentials': '/Users/noedenisel/Desktop/Rick-and-Morty/actions-runner/.credentials'
[2023-06-10 22:21:04Z INFO ConfigurationStore] CredFilePath: /Users/noedenisel/Desktop/Rick-and-Morty/actions-runner/.credentials
[2023-06-10 22:21:04Z INFO HostContext] Well known directory 'Bin': '/Users/noedenisel/Desktop/Rick-and-Morty/actions-runner/bin'
[2023-06-10 22:21:04Z INFO HostContext] Well known directory 'Root': '/Users/noedenisel/Desktop/Rick-and-Morty/actions-runner'
[2023-06-10 22:21:04Z INFO HostContext] Well known config file 'MigratedCredentials': '/Users/noedenisel/Desktop/Rick-and-Morty/actions-runner/.credentials_migrated'
[2023-06-10 22:21:04Z INFO ConfigurationStore] MigratedCredFilePath: /Users/noedenisel/Desktop/Rick-and-Morty/actions-runner/.credentials_migrated
[2023-06-10 22:21:04Z INFO HostContext] Well known directory 'Bin': '/Users/noedenisel/Desktop/Rick-and-Morty/actions-runner/bin'
[2023-06-10 22:21:04Z INFO HostContext] Well known directory 'Root': '/Users/noedenisel/Desktop/Rick-and-Morty/actions-runner'
[2023-06-10 22:21:04Z INFO HostContext] Well known config file 'Service': '/Users/noedenisel/Desktop/Rick-and-Morty/actions-runner/.service'
[2023-06-10 22:21:04Z INFO ConfigurationStore] ServiceConfigFilePath: /Users/noedenisel/Desktop/Rick-and-Morty/actions-runner/.service
[2023-06-10 22:21:04Z INFO CommandSettings] Flag 'help': 'False'
[2023-06-10 22:21:04Z INFO CommandSettings] Flag 'version': 'False'
[2023-06-10 22:21:04Z INFO CommandSettings] Flag 'commit': 'False'
[2023-06-10 22:21:04Z INFO CommandSettings] Flag 'check': 'False'
[2023-06-10 22:21:04Z INFO CommandSettings] Command 'configure': 'False'
[2023-06-10 22:21:04Z INFO CommandSettings] Command 'remove': 'False'
[2023-06-10 22:21:04Z INFO CommandSettings] Command 'warmup': 'False'
[2023-06-10 22:21:04Z INFO ConfigurationManager] LoadSettings
[2023-06-10 22:21:04Z INFO ConfigurationStore] IsConfigured()
[2023-06-10 22:21:04Z INFO ConfigurationStore] IsConfigured: True
[2023-06-10 22:21:04Z INFO ConfigurationManager] Is configured: True
[2023-06-10 22:21:04Z INFO ConfigurationStore] Read setting file: 308 chars
[2023-06-10 22:21:04Z INFO ConfigurationManager] Settings Loaded
[2023-06-10 22:21:04Z INFO ConfigurationStore] IsServiceConfigured()
[2023-06-10 22:21:04Z INFO ConfigurationStore] IsServiceConfigured: False
[2023-06-10 22:21:04Z INFO CommandSettings] Command 'run': 'True'
[2023-06-10 22:21:04Z INFO ConfigurationStore] IsConfigured()
[2023-06-10 22:21:04Z INFO ConfigurationStore] IsConfigured: True
[2023-06-10 22:21:04Z INFO ConfigurationManager] Is configured: True
[2023-06-10 22:21:04Z INFO Runner] Could not parse the argument value '' for StartupType. Defaulting to Manual
[2023-06-10 22:21:04Z INFO Runner] Set runner startup type - Manual
[2023-06-10 22:21:04Z INFO CommandSettings] Flag 'once': 'False'
[2023-06-10 22:21:04Z INFO CommandSettings] Flag 'once': 'False'
[2023-06-10 22:21:04Z INFO Runner] RunAsync
[2023-06-10 22:21:04Z INFO ConfigurationManager] LoadSettings
[2023-06-10 22:21:04Z INFO ConfigurationStore] IsConfigured()
[2023-06-10 22:21:04Z INFO ConfigurationStore] IsConfigured: True
[2023-06-10 22:21:04Z INFO ConfigurationManager] Is configured: True
[2023-06-10 22:21:04Z INFO ConfigurationManager] Settings Loaded
[2023-06-10 22:21:04Z INFO MessageListener] {
  "AgentId": 22,
  "AgentName": "MacBook-Pro-de-Noe-Denise",
  "PoolId": 1,
  "PoolName": "Default",
  "ServerUrl": "https://pipelines.actions.githubusercontent.com/JIWdNYb9N6pLJtAc6QwtYjbzoEYbQ8eRKU1u6BSVp0Ic1UkUzN",
  "GitHubUrl": "https://github.com/noedenisel/Rick-and-Morty",
  "WorkFolder": "_work"
}
[2023-06-10 22:21:04Z INFO MessageListener] Loading Credentials
[2023-06-10 22:21:04Z INFO ConfigurationStore] HasCredentials()
[2023-06-10 22:21:04Z INFO ConfigurationStore] stored True
[2023-06-10 22:21:04Z INFO CredentialManager] GetCredentialProvider
[2023-06-10 22:21:04Z INFO CredentialManager] Creating type OAuth
[2023-06-10 22:21:04Z INFO CredentialManager] Creating credential type: OAuth
[2023-06-10 22:21:04Z INFO HostContext] Well known directory 'Bin': '/Users/noedenisel/Desktop/Rick-and-Morty/actions-runner/bin'
[2023-06-10 22:21:04Z INFO HostContext] Well known directory 'Root': '/Users/noedenisel/Desktop/Rick-and-Morty/actions-runner'
[2023-06-10 22:21:04Z INFO HostContext] Well known config file 'RSACredentials': '/Users/noedenisel/Desktop/Rick-and-Morty/actions-runner/.credentials_rsaparams'
[2023-06-10 22:21:04Z INFO RSAFileKeyManager] Loading RSA key parameters from file /Users/noedenisel/Desktop/Rick-and-Morty/actions-runner/.credentials_rsaparams
[2023-06-10 22:21:04Z INFO MessageListener] Attempt to create session.
[2023-06-10 22:21:04Z INFO MessageListener] Connecting to the Runner Server...
[2023-06-10 22:21:04Z INFO RunnerServer] EstablishVssConnection
[2023-06-10 22:21:04Z INFO RunnerServer] Establish connection with 100 seconds timeout.
[2023-06-10 22:21:05Z INFO GitHubActionsService] Starting operation Location.GetConnectionData
[2023-06-10 22:21:05Z INFO RunnerServer] EstablishVssConnection
[2023-06-10 22:21:05Z INFO RunnerServer] Establish connection with 60 seconds timeout.
[2023-06-10 22:21:05Z INFO GitHubActionsService] Starting operation Location.GetConnectionData
[2023-06-10 22:21:05Z INFO RunnerServer] EstablishVssConnection
[2023-06-10 22:21:05Z INFO RunnerServer] Establish connection with 60 seconds timeout.
[2023-06-10 22:21:05Z INFO GitHubActionsService] Starting operation Location.GetConnectionData
[2023-06-10 22:21:06Z INFO GitHubActionsService] Finished operation Location.GetConnectionData
[2023-06-10 22:21:06Z INFO GitHubActionsService] Finished operation Location.GetConnectionData
[2023-06-10 22:21:06Z INFO GitHubActionsService] Finished operation Location.GetConnectionData
[2023-06-10 22:21:06Z INFO MessageListener] VssConnection created
[2023-06-10 22:21:06Z INFO Terminal] WRITE LINE: 
[2023-06-10 22:21:06Z INFO Terminal] WRITE LINE: 
[2023-06-10 22:21:07Z INFO RSAFileKeyManager] Loading RSA key parameters from file /Users/noedenisel/Desktop/Rick-and-Morty/actions-runner/.credentials_rsaparams
[2023-06-10 22:21:07Z INFO RSAFileKeyManager] Loading RSA key parameters from file /Users/noedenisel/Desktop/Rick-and-Morty/actions-runner/.credentials_rsaparams
[2023-06-10 22:21:07Z INFO GitHubActionsService] AAD Correlation ID for this token request: Unknown
[2023-06-10 22:21:07Z INFO MessageListener] Session created.
[2023-06-10 22:21:07Z INFO Terminal] WRITE LINE: Current runner version: '2.304.0'
[2023-06-10 22:21:07Z INFO Terminal] WRITE LINE: 2023-06-10 22:21:07Z: Listening for Jobs
[2023-06-10 22:21:07Z INFO JobDispatcher] Set runner/worker IPC timeout to 30 seconds.
[2023-06-10 22:31:11Z INFO RSAFileKeyManager] Loading RSA key parameters from file /Users/noedenisel/Desktop/Rick-and-Morty/actions-runner/.credentials_rsaparams
[2023-06-10 22:31:11Z INFO MessageListener] Message '1' received from session '70670064-8aa2-49dc-9e96-79a2d0bcdcdc'.
[2023-06-10 22:31:11Z INFO Runner] Received job message of length 22691 from service, with hash 'd2e63888fc113d7c2c618fd912446d50b711e1daf955f386bce937deff067eda'
[2023-06-10 22:31:11Z INFO JobDispatcher] Job request 26 for plan 6e454044-dbbb-41a7-8889-337a1e4217ae job ef53817e-be1e-5b9f-8d47-e63fd9dfbe04 received.
[2023-06-10 22:31:11Z INFO JobDispatcher] Pull OrchestrationId 6e454044-dbbb-41a7-8889-337a1e4217ae.build-and-deploy.__default from JWT claims
[2023-06-10 22:31:11Z INFO Terminal] WRITE LINE: 2023-06-10 22:31:11Z: Running job: build-and-deploy
[2023-06-10 22:31:11Z INFO JobDispatcher] Start renew job request 26 for job ef53817e-be1e-5b9f-8d47-e63fd9dfbe04.
[2023-06-10 22:31:12Z INFO JobDispatcher] Successfully renew job request 26, job is valid till 6/10/2023 10:41:12 PM
[2023-06-10 22:31:12Z INFO HostContext] Well known directory 'Bin': '/Users/noedenisel/Desktop/Rick-and-Morty/actions-runner/bin'
[2023-06-10 22:31:12Z INFO ProcessInvokerWrapper] Starting process:
[2023-06-10 22:31:12Z INFO ProcessInvokerWrapper]   File name: '/Users/noedenisel/Desktop/Rick-and-Morty/actions-runner/bin/Runner.Worker'
[2023-06-10 22:31:12Z INFO ProcessInvokerWrapper]   Arguments: 'spawnclient 109 112'
[2023-06-10 22:31:12Z INFO ProcessInvokerWrapper]   Working directory: '/Users/noedenisel/Desktop/Rick-and-Morty/actions-runner/bin'
[2023-06-10 22:31:12Z INFO ProcessInvokerWrapper]   Require exit code zero: 'False'
[2023-06-10 22:31:12Z INFO ProcessInvokerWrapper]   Encoding web name:  ; code page: ''
[2023-06-10 22:31:12Z INFO ProcessInvokerWrapper]   Force kill process on cancellation: 'True'
[2023-06-10 22:31:12Z INFO ProcessInvokerWrapper]   Redirected STDIN: 'False'
[2023-06-10 22:31:12Z INFO ProcessInvokerWrapper]   Persist current code page: 'False'
[2023-06-10 22:31:12Z INFO ProcessInvokerWrapper]   Keep redirected STDIN open: 'False'
[2023-06-10 22:31:12Z INFO ProcessInvokerWrapper]   High priority process: 'True'
[2023-06-10 22:31:12Z INFO ProcessInvokerWrapper] Process started with process id 25753, waiting for process exit.
[2023-06-10 22:31:12Z INFO JobDispatcher] Send job request message to worker for job ef53817e-be1e-5b9f-8d47-e63fd9dfbe04.
[2023-06-10 22:31:12Z INFO ProcessChannel] Sending message of length 22691, with hash 'd2e63888fc113d7c2c618fd912446d50b711e1daf955f386bce937deff067eda'
[2023-06-10 22:31:12Z INFO JobNotification] Entering JobStarted Notification
[2023-06-10 22:31:12Z INFO JobNotification] Entering StartMonitor
[2023-06-10 22:32:12Z INFO JobDispatcher] Successfully renew job request 26, job is valid till 6/10/2023 10:42:12 PM
[2023-06-10 22:32:58Z INFO ProcessInvokerWrapper] STDOUT/STDERR stream read finished.
[2023-06-10 22:32:58Z INFO ProcessInvokerWrapper] STDOUT/STDERR stream read finished.
[2023-06-10 22:32:58Z INFO ProcessInvokerWrapper] Finished process 25753 with exit code 102, and elapsed time 00:01:46.0832609.
[2023-06-10 22:32:58Z INFO JobDispatcher] Worker finished for job ef53817e-be1e-5b9f-8d47-e63fd9dfbe04. Code: 102
[2023-06-10 22:32:58Z INFO JobDispatcher] finish job request for job ef53817e-be1e-5b9f-8d47-e63fd9dfbe04 with result: Failed
[2023-06-10 22:32:58Z INFO Terminal] WRITE LINE: 2023-06-10 22:32:58Z: Job build-and-deploy completed with result: Failed
[2023-06-10 22:32:58Z INFO JobDispatcher] Stop renew job request for job ef53817e-be1e-5b9f-8d47-e63fd9dfbe04.
[2023-06-10 22:32:58Z INFO JobDispatcher] job renew has been cancelled, stop renew job request 26.
[2023-06-10 22:32:58Z INFO JobNotification] Entering JobCompleted Notification
[2023-06-10 22:32:58Z INFO JobNotification] Entering EndMonitor
[2023-06-10 23:14:42Z WARN GitHubActionsService] GET request to https://pipelines.actions.githubusercontent.com/JIWdNYb9N6pLJtAc6QwtYjbzoEYbQ8eRKU1u6BSVp0Ic1UkUzN/_apis/distributedtask/pools/1/messages?sessionId=70670064-8aa2-49dc-9e96-79a2d0bcdcdc&lastMessageId=1&status=Online&runnerVersion=2.304.0 timed out after 60 seconds.
[2023-06-10 23:14:42Z ERR  MessageListener] Catch exception during get next message.
[2023-06-10 23:14:42Z ERR  MessageListener] System.TimeoutException: The HTTP request timed out after 00:01:00.
 ---> System.Threading.Tasks.TaskCanceledException: The operation was canceled.
 ---> System.IO.IOException: Unable to read data from the transport connection: Operation canceled.
 ---> System.Net.Sockets.SocketException (89): Operation canceled
   --- End of inner exception stack trace ---
   at System.Net.Sockets.Socket.AwaitableSocketAsyncEventArgs.ThrowException(SocketError error, CancellationToken cancellationToken)
   at System.Net.Sockets.Socket.AwaitableSocketAsyncEventArgs.System.Threading.Tasks.Sources.IValueTaskSource<System.Int32>.GetResult(Int16 token)
   at System.Net.Security.SslStream.EnsureFullTlsFrameAsync[TIOAdapter](TIOAdapter adapter)
   at System.Net.Security.SslStream.ReadAsyncInternal[TIOAdapter](TIOAdapter adapter, Memory`1 buffer)
   at System.Net.Http.HttpConnection.SendAsyncCore(HttpRequestMessage request, Boolean async, CancellationToken cancellationToken)
   --- End of inner exception stack trace ---
   at System.Net.Http.HttpConnection.SendAsyncCore(HttpRequestMessage request, Boolean async, CancellationToken cancellationToken)
   at System.Net.Http.AuthenticationHelper.SendWithNtAuthAsync(HttpRequestMessage request, Uri authUri, Boolean async, ICredentials credentials, Boolean isProxyAuth, HttpConnection connection, HttpConnectionPool connectionPool, CancellationToken cancellationToken)
   at System.Net.Http.HttpConnectionPool.SendWithVersionDetectionAndRetryAsync(HttpRequestMessage request, Boolean async, Boolean doRequestAuth, CancellationToken cancellationToken)
   at System.Net.Http.AuthenticationHelper.SendWithAuthAsync(HttpRequestMessage request, Uri authUri, Boolean async, ICredentials credentials, Boolean preAuthenticate, Boolean isProxyAuth, Boolean doRequestAuth, HttpConnectionPool pool, CancellationToken cancellationToken)
   at System.Net.Http.DecompressionHandler.SendAsync(HttpRequestMessage request, Boolean async, CancellationToken cancellationToken)
   at GitHub.Services.Common.VssHttpMessageHandler.SendAsync(HttpRequestMessage request, CancellationToken cancellationToken)
   --- End of inner exception stack trace ---
   at GitHub.Services.Common.VssHttpMessageHandler.SendAsync(HttpRequestMessage request, CancellationToken cancellationToken)
   at GitHub.Services.Common.VssHttpRetryMessageHandler.SendAsync(HttpRequestMessage request, CancellationToken cancellationToken)
   at System.Net.Http.HttpClient.<SendAsync>g__Core|83_0(HttpRequestMessage request, HttpCompletionOption completionOption, CancellationTokenSource cts, Boolean disposeCts, CancellationTokenSource pendingRequestsCts, CancellationToken originalCancellationToken)
   at GitHub.Services.WebApi.VssHttpClientBase.SendAsync(HttpRequestMessage message, HttpCompletionOption completionOption, Object userState, CancellationToken cancellationToken)
   at GitHub.Services.WebApi.VssHttpClientBase.SendAsync[T](HttpRequestMessage message, Object userState, CancellationToken cancellationToken)
   at GitHub.Services.WebApi.VssHttpClientBase.SendAsync[T](HttpMethod method, IEnumerable`1 additionalHeaders, Guid locationId, Object routeValues, ApiResourceVersion version, HttpContent content, IEnumerable`1 queryParameters, Object userState, CancellationToken cancellationToken)
   at GitHub.Runner.Listener.MessageListener.GetNextMessageAsync(CancellationToken token)
[2023-06-10 23:14:42Z ERR  MessageListener] #####################################################
[2023-06-10 23:14:42Z ERR  MessageListener] System.Threading.Tasks.TaskCanceledException: The operation was canceled.
 ---> System.IO.IOException: Unable to read data from the transport connection: Operation canceled.
 ---> System.Net.Sockets.SocketException (89): Operation canceled
   --- End of inner exception stack trace ---
   at System.Net.Sockets.Socket.AwaitableSocketAsyncEventArgs.ThrowException(SocketError error, CancellationToken cancellationToken)
   at System.Net.Sockets.Socket.AwaitableSocketAsyncEventArgs.System.Threading.Tasks.Sources.IValueTaskSource<System.Int32>.GetResult(Int16 token)
   at System.Net.Security.SslStream.EnsureFullTlsFrameAsync[TIOAdapter](TIOAdapter adapter)
   at System.Net.Security.SslStream.ReadAsyncInternal[TIOAdapter](TIOAdapter adapter, Memory`1 buffer)
   at System.Net.Http.HttpConnection.SendAsyncCore(HttpRequestMessage request, Boolean async, CancellationToken cancellationToken)
   --- End of inner exception stack trace ---
   at System.Net.Http.HttpConnection.SendAsyncCore(HttpRequestMessage request, Boolean async, CancellationToken cancellationToken)
   at System.Net.Http.AuthenticationHelper.SendWithNtAuthAsync(HttpRequestMessage request, Uri authUri, Boolean async, ICredentials credentials, Boolean isProxyAuth, HttpConnection connection, HttpConnectionPool connectionPool, CancellationToken cancellationToken)
   at System.Net.Http.HttpConnectionPool.SendWithVersionDetectionAndRetryAsync(HttpRequestMessage request, Boolean async, Boolean doRequestAuth, CancellationToken cancellationToken)
   at System.Net.Http.AuthenticationHelper.SendWithAuthAsync(HttpRequestMessage request, Uri authUri, Boolean async, ICredentials credentials, Boolean preAuthenticate, Boolean isProxyAuth, Boolean doRequestAuth, HttpConnectionPool pool, CancellationToken cancellationToken)
   at System.Net.Http.DecompressionHandler.SendAsync(HttpRequestMessage request, Boolean async, CancellationToken cancellationToken)
   at GitHub.Services.Common.VssHttpMessageHandler.SendAsync(HttpRequestMessage request, CancellationToken cancellationToken)
[2023-06-10 23:14:42Z ERR  MessageListener] #####################################################
[2023-06-10 23:14:42Z ERR  MessageListener] System.IO.IOException: Unable to read data from the transport connection: Operation canceled.
 ---> System.Net.Sockets.SocketException (89): Operation canceled
   --- End of inner exception stack trace ---
   at System.Net.Sockets.Socket.AwaitableSocketAsyncEventArgs.ThrowException(SocketError error, CancellationToken cancellationToken)
   at System.Net.Sockets.Socket.AwaitableSocketAsyncEventArgs.System.Threading.Tasks.Sources.IValueTaskSource<System.Int32>.GetResult(Int16 token)
   at System.Net.Security.SslStream.EnsureFullTlsFrameAsync[TIOAdapter](TIOAdapter adapter)
   at System.Net.Security.SslStream.ReadAsyncInternal[TIOAdapter](TIOAdapter adapter, Memory`1 buffer)
   at System.Net.Http.HttpConnection.SendAsyncCore(HttpRequestMessage request, Boolean async, CancellationToken cancellationToken)
[2023-06-10 23:14:42Z ERR  MessageListener] #####################################################
[2023-06-10 23:14:42Z ERR  MessageListener] System.Net.Sockets.SocketException (89): Operation canceled
[2023-06-10 23:14:42Z INFO MessageListener] Retriable exception: The HTTP request timed out after 00:01:00.
[2023-06-10 23:14:42Z ERR  Terminal] WRITE ERROR: 2023-06-10 23:14:42Z: Runner connect error: The HTTP request timed out after 00:01:00.. Retrying until reconnected.
[2023-06-10 23:14:42Z INFO RunnerServer] Refresh MessageQueue VssConnection to get on a different AFD node.
[2023-06-10 23:14:42Z INFO RunnerServer] EstablishVssConnection
[2023-06-10 23:14:42Z INFO RunnerServer] Establish connection with 60 seconds timeout.
[2023-06-10 23:14:42Z INFO GitHubActionsService] Starting operation Location.GetConnectionData
[2023-06-10 23:14:43Z INFO GitHubActionsService] Finished operation Location.GetConnectionData
[2023-06-10 23:14:43Z INFO MessageListener] Sleeping for 25.893 seconds before retrying.
[2023-06-10 23:15:59Z INFO Terminal] WRITE LINE: 2023-06-10 23:15:59Z: Runner reconnected.
[2023-06-10 23:16:50Z INFO RSAFileKeyManager] Loading RSA key parameters from file /Users/noedenisel/Desktop/Rick-and-Morty/actions-runner/.credentials_rsaparams
[2023-06-10 23:16:50Z INFO GitHubActionsService] AAD Correlation ID for this token request: Unknown
[2023-06-10 23:17:41Z INFO MessageListener] No message retrieved from session '70670064-8aa2-49dc-9e96-79a2d0bcdcdc' within last 30 minutes.
[2023-06-10 23:45:37Z WARN GitHubActionsService] GET request to https://pipelines.actions.githubusercontent.com/JIWdNYb9N6pLJtAc6QwtYjbzoEYbQ8eRKU1u6BSVp0Ic1UkUzN/_apis/distributedtask/pools/1/messages?sessionId=70670064-8aa2-49dc-9e96-79a2d0bcdcdc&lastMessageId=1&status=Online&runnerVersion=2.304.0 timed out after 60 seconds.
[2023-06-10 23:45:37Z ERR  MessageListener] Catch exception during get next message.
[2023-06-10 23:45:37Z ERR  MessageListener] System.TimeoutException: The HTTP request timed out after 00:01:00.
 ---> System.Threading.Tasks.TaskCanceledException: The operation was canceled.
 ---> System.IO.IOException: Unable to read data from the transport connection: Operation canceled.
 ---> System.Net.Sockets.SocketException (89): Operation canceled
   --- End of inner exception stack trace ---
   at System.Net.Sockets.Socket.AwaitableSocketAsyncEventArgs.ThrowException(SocketError error, CancellationToken cancellationToken)
   at System.Net.Sockets.Socket.AwaitableSocketAsyncEventArgs.System.Threading.Tasks.Sources.IValueTaskSource<System.Int32>.GetResult(Int16 token)
   at System.Net.Security.SslStream.EnsureFullTlsFrameAsync[TIOAdapter](TIOAdapter adapter)
   at System.Net.Security.SslStream.ReadAsyncInternal[TIOAdapter](TIOAdapter adapter, Memory`1 buffer)
   at System.Net.Http.HttpConnection.SendAsyncCore(HttpRequestMessage request, Boolean async, CancellationToken cancellationToken)
   --- End of inner exception stack trace ---
   at System.Net.Http.HttpConnection.SendAsyncCore(HttpRequestMessage request, Boolean async, CancellationToken cancellationToken)
   at System.Net.Http.AuthenticationHelper.SendWithNtAuthAsync(HttpRequestMessage request, Uri authUri, Boolean async, ICredentials credentials, Boolean isProxyAuth, HttpConnection connection, HttpConnectionPool connectionPool, CancellationToken cancellationToken)
   at System.Net.Http.HttpConnectionPool.SendWithVersionDetectionAndRetryAsync(HttpRequestMessage request, Boolean async, Boolean doRequestAuth, CancellationToken cancellationToken)
   at System.Net.Http.AuthenticationHelper.SendWithAuthAsync(HttpRequestMessage request, Uri authUri, Boolean async, ICredentials credentials, Boolean preAuthenticate, Boolean isProxyAuth, Boolean doRequestAuth, HttpConnectionPool pool, CancellationToken cancellationToken)
   at System.Net.Http.DecompressionHandler.SendAsync(HttpRequestMessage request, Boolean async, CancellationToken cancellationToken)
   at GitHub.Services.Common.VssHttpMessageHandler.SendAsync(HttpRequestMessage request, CancellationToken cancellationToken)
   --- End of inner exception stack trace ---
   at GitHub.Services.Common.VssHttpMessageHandler.SendAsync(HttpRequestMessage request, CancellationToken cancellationToken)
   at GitHub.Services.Common.VssHttpRetryMessageHandler.SendAsync(HttpRequestMessage request, CancellationToken cancellationToken)
   at System.Net.Http.HttpClient.<SendAsync>g__Core|83_0(HttpRequestMessage request, HttpCompletionOption completionOption, CancellationTokenSource cts, Boolean disposeCts, CancellationTokenSource pendingRequestsCts, CancellationToken originalCancellationToken)
   at GitHub.Services.WebApi.VssHttpClientBase.SendAsync(HttpRequestMessage message, HttpCompletionOption completionOption, Object userState, CancellationToken cancellationToken)
   at GitHub.Services.WebApi.VssHttpClientBase.SendAsync[T](HttpRequestMessage message, Object userState, CancellationToken cancellationToken)
   at GitHub.Services.WebApi.VssHttpClientBase.SendAsync[T](HttpMethod method, IEnumerable`1 additionalHeaders, Guid locationId, Object routeValues, ApiResourceVersion version, HttpContent content, IEnumerable`1 queryParameters, Object userState, CancellationToken cancellationToken)
   at GitHub.Runner.Listener.MessageListener.GetNextMessageAsync(CancellationToken token)
[2023-06-10 23:45:37Z ERR  MessageListener] #####################################################
[2023-06-10 23:45:37Z ERR  MessageListener] System.Threading.Tasks.TaskCanceledException: The operation was canceled.
 ---> System.IO.IOException: Unable to read data from the transport connection: Operation canceled.
 ---> System.Net.Sockets.SocketException (89): Operation canceled
   --- End of inner exception stack trace ---
   at System.Net.Sockets.Socket.AwaitableSocketAsyncEventArgs.ThrowException(SocketError error, CancellationToken cancellationToken)
   at System.Net.Sockets.Socket.AwaitableSocketAsyncEventArgs.System.Threading.Tasks.Sources.IValueTaskSource<System.Int32>.GetResult(Int16 token)
   at System.Net.Security.SslStream.EnsureFullTlsFrameAsync[TIOAdapter](TIOAdapter adapter)
   at System.Net.Security.SslStream.ReadAsyncInternal[TIOAdapter](TIOAdapter adapter, Memory`1 buffer)
   at System.Net.Http.HttpConnection.SendAsyncCore(HttpRequestMessage request, Boolean async, CancellationToken cancellationToken)
   --- End of inner exception stack trace ---
   at System.Net.Http.HttpConnection.SendAsyncCore(HttpRequestMessage request, Boolean async, CancellationToken cancellationToken)
   at System.Net.Http.AuthenticationHelper.SendWithNtAuthAsync(HttpRequestMessage request, Uri authUri, Boolean async, ICredentials credentials, Boolean isProxyAuth, HttpConnection connection, HttpConnectionPool connectionPool, CancellationToken cancellationToken)
   at System.Net.Http.HttpConnectionPool.SendWithVersionDetectionAndRetryAsync(HttpRequestMessage request, Boolean async, Boolean doRequestAuth, CancellationToken cancellationToken)
   at System.Net.Http.AuthenticationHelper.SendWithAuthAsync(HttpRequestMessage request, Uri authUri, Boolean async, ICredentials credentials, Boolean preAuthenticate, Boolean isProxyAuth, Boolean doRequestAuth, HttpConnectionPool pool, CancellationToken cancellationToken)
   at System.Net.Http.DecompressionHandler.SendAsync(HttpRequestMessage request, Boolean async, CancellationToken cancellationToken)
   at GitHub.Services.Common.VssHttpMessageHandler.SendAsync(HttpRequestMessage request, CancellationToken cancellationToken)
[2023-06-10 23:45:37Z ERR  MessageListener] #####################################################
[2023-06-10 23:45:37Z ERR  MessageListener] System.IO.IOException: Unable to read data from the transport connection: Operation canceled.
 ---> System.Net.Sockets.SocketException (89): Operation canceled
   --- End of inner exception stack trace ---
   at System.Net.Sockets.Socket.AwaitableSocketAsyncEventArgs.ThrowException(SocketError error, CancellationToken cancellationToken)
   at System.Net.Sockets.Socket.AwaitableSocketAsyncEventArgs.System.Threading.Tasks.Sources.IValueTaskSource<System.Int32>.GetResult(Int16 token)
   at System.Net.Security.SslStream.EnsureFullTlsFrameAsync[TIOAdapter](TIOAdapter adapter)
   at System.Net.Security.SslStream.ReadAsyncInternal[TIOAdapter](TIOAdapter adapter, Memory`1 buffer)
   at System.Net.Http.HttpConnection.SendAsyncCore(HttpRequestMessage request, Boolean async, CancellationToken cancellationToken)
[2023-06-10 23:45:37Z ERR  MessageListener] #####################################################
[2023-06-10 23:45:37Z ERR  MessageListener] System.Net.Sockets.SocketException (89): Operation canceled
[2023-06-10 23:45:37Z INFO MessageListener] Retriable exception: The HTTP request timed out after 00:01:00.
[2023-06-10 23:45:37Z ERR  Terminal] WRITE ERROR: 2023-06-10 23:45:37Z: Runner connect error: The HTTP request timed out after 00:01:00.. Retrying until reconnected.
[2023-06-10 23:45:37Z INFO RunnerServer] Refresh MessageQueue VssConnection to get on a different AFD node.
[2023-06-10 23:45:37Z INFO RunnerServer] EstablishVssConnection
[2023-06-10 23:45:37Z INFO RunnerServer] Establish connection with 60 seconds timeout.
[2023-06-10 23:45:37Z INFO GitHubActionsService] Starting operation Location.GetConnectionData
[2023-06-10 23:45:38Z INFO GitHubActionsService] Finished operation Location.GetConnectionData
[2023-06-10 23:45:38Z INFO MessageListener] Sleeping for 28.273 seconds before retrying.
[2023-06-11 00:04:19Z WARN GitHubActionsService] GET request to https://pipelines.actions.githubusercontent.com/JIWdNYb9N6pLJtAc6QwtYjbzoEYbQ8eRKU1u6BSVp0Ic1UkUzN/_apis/distributedtask/pools/1/messages?sessionId=70670064-8aa2-49dc-9e96-79a2d0bcdcdc&lastMessageId=1&status=Online&runnerVersion=2.304.0 timed out after 60 seconds.
[2023-06-11 00:04:19Z ERR  MessageListener] Catch exception during get next message.
[2023-06-11 00:04:19Z ERR  MessageListener] System.TimeoutException: The HTTP request timed out after 00:01:00.
 ---> System.Threading.Tasks.TaskCanceledException: The operation was canceled.
 ---> System.IO.IOException: Unable to read data from the transport connection: Operation canceled.
 ---> System.Net.Sockets.SocketException (89): Operation canceled
   --- End of inner exception stack trace ---
   at System.Net.Sockets.Socket.AwaitableSocketAsyncEventArgs.ThrowException(SocketError error, CancellationToken cancellationToken)
   at System.Net.Sockets.Socket.AwaitableSocketAsyncEventArgs.System.Threading.Tasks.Sources.IValueTaskSource<System.Int32>.GetResult(Int16 token)
   at System.Net.Security.SslStream.ReadAsyncInternal[TIOAdapter](TIOAdapter adapter, Memory`1 buffer)
   at System.Net.Http.HttpConnection.<CheckUsabilityOnScavenge>g__ReadAheadWithZeroByteReadAsync|45_0()
   at System.Net.Http.HttpConnection.SendAsyncCore(HttpRequestMessage request, Boolean async, CancellationToken cancellationToken)
   --- End of inner exception stack trace ---
   at System.Net.Http.HttpConnection.SendAsyncCore(HttpRequestMessage request, Boolean async, CancellationToken cancellationToken)
   at System.Net.Http.AuthenticationHelper.SendWithNtAuthAsync(HttpRequestMessage request, Uri authUri, Boolean async, ICredentials credentials, Boolean isProxyAuth, HttpConnection connection, HttpConnectionPool connectionPool, CancellationToken cancellationToken)
   at System.Net.Http.HttpConnectionPool.SendWithVersionDetectionAndRetryAsync(HttpRequestMessage request, Boolean async, Boolean doRequestAuth, CancellationToken cancellationToken)
   at System.Net.Http.AuthenticationHelper.SendWithAuthAsync(HttpRequestMessage request, Uri authUri, Boolean async, ICredentials credentials, Boolean preAuthenticate, Boolean isProxyAuth, Boolean doRequestAuth, HttpConnectionPool pool, CancellationToken cancellationToken)
   at System.Net.Http.DecompressionHandler.SendAsync(HttpRequestMessage request, Boolean async, CancellationToken cancellationToken)
   at GitHub.Services.Common.VssHttpMessageHandler.SendAsync(HttpRequestMessage request, CancellationToken cancellationToken)
   --- End of inner exception stack trace ---
   at GitHub.Services.Common.VssHttpMessageHandler.SendAsync(HttpRequestMessage request, CancellationToken cancellationToken)
   at GitHub.Services.Common.VssHttpRetryMessageHandler.SendAsync(HttpRequestMessage request, CancellationToken cancellationToken)
   at System.Net.Http.HttpClient.<SendAsync>g__Core|83_0(HttpRequestMessage request, HttpCompletionOption completionOption, CancellationTokenSource cts, Boolean disposeCts, CancellationTokenSource pendingRequestsCts, CancellationToken originalCancellationToken)
   at GitHub.Services.WebApi.VssHttpClientBase.SendAsync(HttpRequestMessage message, HttpCompletionOption completionOption, Object userState, CancellationToken cancellationToken)
   at GitHub.Services.WebApi.VssHttpClientBase.SendAsync[T](HttpRequestMessage message, Object userState, CancellationToken cancellationToken)
   at GitHub.Services.WebApi.VssHttpClientBase.SendAsync[T](HttpMethod method, IEnumerable`1 additionalHeaders, Guid locationId, Object routeValues, ApiResourceVersion version, HttpContent content, IEnumerable`1 queryParameters, Object userState, CancellationToken cancellationToken)
   at GitHub.Runner.Listener.MessageListener.GetNextMessageAsync(CancellationToken token)
[2023-06-11 00:04:19Z ERR  MessageListener] #####################################################
[2023-06-11 00:04:19Z ERR  MessageListener] System.Threading.Tasks.TaskCanceledException: The operation was canceled.
 ---> System.IO.IOException: Unable to read data from the transport connection: Operation canceled.
 ---> System.Net.Sockets.SocketException (89): Operation canceled
   --- End of inner exception stack trace ---
   at System.Net.Sockets.Socket.AwaitableSocketAsyncEventArgs.ThrowException(SocketError error, CancellationToken cancellationToken)
   at System.Net.Sockets.Socket.AwaitableSocketAsyncEventArgs.System.Threading.Tasks.Sources.IValueTaskSource<System.Int32>.GetResult(Int16 token)
   at System.Net.Security.SslStream.ReadAsyncInternal[TIOAdapter](TIOAdapter adapter, Memory`1 buffer)
   at System.Net.Http.HttpConnection.<CheckUsabilityOnScavenge>g__ReadAheadWithZeroByteReadAsync|45_0()
   at System.Net.Http.HttpConnection.SendAsyncCore(HttpRequestMessage request, Boolean async, CancellationToken cancellationToken)
   --- End of inner exception stack trace ---
   at System.Net.Http.HttpConnection.SendAsyncCore(HttpRequestMessage request, Boolean async, CancellationToken cancellationToken)
   at System.Net.Http.AuthenticationHelper.SendWithNtAuthAsync(HttpRequestMessage request, Uri authUri, Boolean async, ICredentials credentials, Boolean isProxyAuth, HttpConnection connection, HttpConnectionPool connectionPool, CancellationToken cancellationToken)
   at System.Net.Http.HttpConnectionPool.SendWithVersionDetectionAndRetryAsync(HttpRequestMessage request, Boolean async, Boolean doRequestAuth, CancellationToken cancellationToken)
   at System.Net.Http.AuthenticationHelper.SendWithAuthAsync(HttpRequestMessage request, Uri authUri, Boolean async, ICredentials credentials, Boolean preAuthenticate, Boolean isProxyAuth, Boolean doRequestAuth, HttpConnectionPool pool, CancellationToken cancellationToken)
   at System.Net.Http.DecompressionHandler.SendAsync(HttpRequestMessage request, Boolean async, CancellationToken cancellationToken)
   at GitHub.Services.Common.VssHttpMessageHandler.SendAsync(HttpRequestMessage request, CancellationToken cancellationToken)
[2023-06-11 00:04:19Z ERR  MessageListener] #####################################################
[2023-06-11 00:04:19Z ERR  MessageListener] System.IO.IOException: Unable to read data from the transport connection: Operation canceled.
 ---> System.Net.Sockets.SocketException (89): Operation canceled
   --- End of inner exception stack trace ---
   at System.Net.Sockets.Socket.AwaitableSocketAsyncEventArgs.ThrowException(SocketError error, CancellationToken cancellationToken)
   at System.Net.Sockets.Socket.AwaitableSocketAsyncEventArgs.System.Threading.Tasks.Sources.IValueTaskSource<System.Int32>.GetResult(Int16 token)
   at System.Net.Security.SslStream.ReadAsyncInternal[TIOAdapter](TIOAdapter adapter, Memory`1 buffer)
   at System.Net.Http.HttpConnection.<CheckUsabilityOnScavenge>g__ReadAheadWithZeroByteReadAsync|45_0()
   at System.Net.Http.HttpConnection.SendAsyncCore(HttpRequestMessage request, Boolean async, CancellationToken cancellationToken)
[2023-06-11 00:04:19Z ERR  MessageListener] #####################################################
[2023-06-11 00:04:19Z ERR  MessageListener] System.Net.Sockets.SocketException (89): Operation canceled
[2023-06-11 00:04:19Z INFO MessageListener] Retriable exception: The HTTP request timed out after 00:01:00.
[2023-06-11 00:04:19Z INFO RunnerServer] Refresh MessageQueue VssConnection to get on a different AFD node.
[2023-06-11 00:04:19Z INFO RunnerServer] EstablishVssConnection
[2023-06-11 00:04:19Z INFO RunnerServer] Establish connection with 60 seconds timeout.
[2023-06-11 00:04:19Z INFO GitHubActionsService] Starting operation Location.GetConnectionData
[2023-06-11 00:04:20Z INFO GitHubActionsService] Finished operation Location.GetConnectionData
[2023-06-11 00:04:20Z INFO MessageListener] Sleeping for 18.857 seconds before retrying.
[2023-06-11 00:35:54Z WARN GitHubActionsService] GET request to https://pipelines.actions.githubusercontent.com/JIWdNYb9N6pLJtAc6QwtYjbzoEYbQ8eRKU1u6BSVp0Ic1UkUzN/_apis/distributedtask/pools/1/messages?sessionId=70670064-8aa2-49dc-9e96-79a2d0bcdcdc&lastMessageId=1&status=Online&runnerVersion=2.304.0 timed out after 60 seconds.
[2023-06-11 00:35:54Z ERR  MessageListener] Catch exception during get next message.
[2023-06-11 00:35:54Z ERR  MessageListener] System.TimeoutException: The HTTP request timed out after 00:01:00.
 ---> System.Threading.Tasks.TaskCanceledException: The operation was canceled.
 ---> System.IO.IOException: Unable to read data from the transport connection: Operation canceled.
 ---> System.Net.Sockets.SocketException (89): Operation canceled
   --- End of inner exception stack trace ---
   at System.Net.Sockets.Socket.AwaitableSocketAsyncEventArgs.ThrowException(SocketError error, CancellationToken cancellationToken)
   at System.Net.Sockets.Socket.AwaitableSocketAsyncEventArgs.System.Threading.Tasks.Sources.IValueTaskSource<System.Int32>.GetResult(Int16 token)
   at System.Net.Security.SslStream.ReadAsyncInternal[TIOAdapter](TIOAdapter adapter, Memory`1 buffer)
   at System.Net.Http.HttpConnection.<CheckUsabilityOnScavenge>g__ReadAheadWithZeroByteReadAsync|45_0()
   at System.Net.Http.HttpConnection.SendAsyncCore(HttpRequestMessage request, Boolean async, CancellationToken cancellationToken)
   --- End of inner exception stack trace ---
   at System.Net.Http.HttpConnection.SendAsyncCore(HttpRequestMessage request, Boolean async, CancellationToken cancellationToken)
   at System.Net.Http.AuthenticationHelper.SendWithNtAuthAsync(HttpRequestMessage request, Uri authUri, Boolean async, ICredentials credentials, Boolean isProxyAuth, HttpConnection connection, HttpConnectionPool connectionPool, CancellationToken cancellationToken)
   at System.Net.Http.HttpConnectionPool.SendWithVersionDetectionAndRetryAsync(HttpRequestMessage request, Boolean async, Boolean doRequestAuth, CancellationToken cancellationToken)
   at System.Net.Http.AuthenticationHelper.SendWithAuthAsync(HttpRequestMessage request, Uri authUri, Boolean async, ICredentials credentials, Boolean preAuthenticate, Boolean isProxyAuth, Boolean doRequestAuth, HttpConnectionPool pool, CancellationToken cancellationToken)
   at System.Net.Http.DecompressionHandler.SendAsync(HttpRequestMessage request, Boolean async, CancellationToken cancellationToken)
   at GitHub.Services.Common.VssHttpMessageHandler.SendAsync(HttpRequestMessage request, CancellationToken cancellationToken)
   --- End of inner exception stack trace ---
   at GitHub.Services.Common.VssHttpMessageHandler.SendAsync(HttpRequestMessage request, CancellationToken cancellationToken)
   at GitHub.Services.Common.VssHttpRetryMessageHandler.SendAsync(HttpRequestMessage request, CancellationToken cancellationToken)
   at System.Net.Http.HttpClient.<SendAsync>g__Core|83_0(HttpRequestMessage request, HttpCompletionOption completionOption, CancellationTokenSource cts, Boolean disposeCts, CancellationTokenSource pendingRequestsCts, CancellationToken originalCancellationToken)
   at GitHub.Services.WebApi.VssHttpClientBase.SendAsync(HttpRequestMessage message, HttpCompletionOption completionOption, Object userState, CancellationToken cancellationToken)
   at GitHub.Services.WebApi.VssHttpClientBase.SendAsync[T](HttpRequestMessage message, Object userState, CancellationToken cancellationToken)
   at GitHub.Services.WebApi.VssHttpClientBase.SendAsync[T](HttpMethod method, IEnumerable`1 additionalHeaders, Guid locationId, Object routeValues, ApiResourceVersion version, HttpContent content, IEnumerable`1 queryParameters, Object userState, CancellationToken cancellationToken)
   at GitHub.Runner.Listener.MessageListener.GetNextMessageAsync(CancellationToken token)
[2023-06-11 00:35:54Z ERR  MessageListener] #####################################################
[2023-06-11 00:35:54Z ERR  MessageListener] System.Threading.Tasks.TaskCanceledException: The operation was canceled.
 ---> System.IO.IOException: Unable to read data from the transport connection: Operation canceled.
 ---> System.Net.Sockets.SocketException (89): Operation canceled
   --- End of inner exception stack trace ---
   at System.Net.Sockets.Socket.AwaitableSocketAsyncEventArgs.ThrowException(SocketError error, CancellationToken cancellationToken)
   at System.Net.Sockets.Socket.AwaitableSocketAsyncEventArgs.System.Threading.Tasks.Sources.IValueTaskSource<System.Int32>.GetResult(Int16 token)
   at System.Net.Security.SslStream.ReadAsyncInternal[TIOAdapter](TIOAdapter adapter, Memory`1 buffer)
   at System.Net.Http.HttpConnection.<CheckUsabilityOnScavenge>g__ReadAheadWithZeroByteReadAsync|45_0()
   at System.Net.Http.HttpConnection.SendAsyncCore(HttpRequestMessage request, Boolean async, CancellationToken cancellationToken)
   --- End of inner exception stack trace ---
   at System.Net.Http.HttpConnection.SendAsyncCore(HttpRequestMessage request, Boolean async, CancellationToken cancellationToken)
   at System.Net.Http.AuthenticationHelper.SendWithNtAuthAsync(HttpRequestMessage request, Uri authUri, Boolean async, ICredentials credentials, Boolean isProxyAuth, HttpConnection connection, HttpConnectionPool connectionPool, CancellationToken cancellationToken)
   at System.Net.Http.HttpConnectionPool.SendWithVersionDetectionAndRetryAsync(HttpRequestMessage request, Boolean async, Boolean doRequestAuth, CancellationToken cancellationToken)
   at System.Net.Http.AuthenticationHelper.SendWithAuthAsync(HttpRequestMessage request, Uri authUri, Boolean async, ICredentials credentials, Boolean preAuthenticate, Boolean isProxyAuth, Boolean doRequestAuth, HttpConnectionPool pool, CancellationToken cancellationToken)
   at System.Net.Http.DecompressionHandler.SendAsync(HttpRequestMessage request, Boolean async, CancellationToken cancellationToken)
   at GitHub.Services.Common.VssHttpMessageHandler.SendAsync(HttpRequestMessage request, CancellationToken cancellationToken)
[2023-06-11 00:35:54Z ERR  MessageListener] #####################################################
[2023-06-11 00:35:54Z ERR  MessageListener] System.IO.IOException: Unable to read data from the transport connection: Operation canceled.
 ---> System.Net.Sockets.SocketException (89): Operation canceled
   --- End of inner exception stack trace ---
   at System.Net.Sockets.Socket.AwaitableSocketAsyncEventArgs.ThrowException(SocketError error, CancellationToken cancellationToken)
   at System.Net.Sockets.Socket.AwaitableSocketAsyncEventArgs.System.Threading.Tasks.Sources.IValueTaskSource<System.Int32>.GetResult(Int16 token)
   at System.Net.Security.SslStream.ReadAsyncInternal[TIOAdapter](TIOAdapter adapter, Memory`1 buffer)
   at System.Net.Http.HttpConnection.<CheckUsabilityOnScavenge>g__ReadAheadWithZeroByteReadAsync|45_0()
   at System.Net.Http.HttpConnection.SendAsyncCore(HttpRequestMessage request, Boolean async, CancellationToken cancellationToken)
[2023-06-11 00:35:54Z ERR  MessageListener] #####################################################
[2023-06-11 00:35:54Z ERR  MessageListener] System.Net.Sockets.SocketException (89): Operation canceled
[2023-06-11 00:35:54Z INFO MessageListener] Retriable exception: The HTTP request timed out after 00:01:00.
[2023-06-11 00:35:54Z INFO RunnerServer] Refresh MessageQueue VssConnection to get on a different AFD node.
[2023-06-11 00:35:54Z INFO RunnerServer] EstablishVssConnection
[2023-06-11 00:35:54Z INFO RunnerServer] Establish connection with 60 seconds timeout.
[2023-06-11 00:35:54Z INFO GitHubActionsService] Starting operation Location.GetConnectionData
[2023-06-11 00:35:55Z INFO GitHubActionsService] Finished operation Location.GetConnectionData
[2023-06-11 00:35:55Z INFO MessageListener] Sleeping for 16.505 seconds before retrying.
[2023-06-11 00:36:11Z INFO MessageListener] No message retrieved from session '70670064-8aa2-49dc-9e96-79a2d0bcdcdc' within last 30 minutes.
[2023-06-11 00:36:12Z INFO RSAFileKeyManager] Loading RSA key parameters from file /Users/noedenisel/Desktop/Rick-and-Morty/actions-runner/.credentials_rsaparams
[2023-06-11 00:36:12Z INFO GitHubActionsService] AAD Correlation ID for this token request: Unknown
[2023-06-11 00:37:03Z INFO Terminal] WRITE LINE: 2023-06-11 00:37:03Z: Runner reconnected.
[2023-06-11 00:53:15Z WARN GitHubActionsService] GET request to https://pipelines.actions.githubusercontent.com/JIWdNYb9N6pLJtAc6QwtYjbzoEYbQ8eRKU1u6BSVp0Ic1UkUzN/_apis/distributedtask/pools/1/messages?sessionId=70670064-8aa2-49dc-9e96-79a2d0bcdcdc&lastMessageId=1&status=Online&runnerVersion=2.304.0 timed out after 60 seconds.
[2023-06-11 00:53:15Z ERR  MessageListener] Catch exception during get next message.
[2023-06-11 00:53:15Z ERR  MessageListener] System.TimeoutException: The HTTP request timed out after 00:01:00.
 ---> System.Threading.Tasks.TaskCanceledException: The operation was canceled.
 ---> System.IO.IOException: Unable to read data from the transport connection: Operation canceled.
 ---> System.Net.Sockets.SocketException (89): Operation canceled
   --- End of inner exception stack trace ---
   at System.Net.Sockets.Socket.AwaitableSocketAsyncEventArgs.ThrowException(SocketError error, CancellationToken cancellationToken)
   at System.Net.Sockets.Socket.AwaitableSocketAsyncEventArgs.System.Threading.Tasks.Sources.IValueTaskSource<System.Int32>.GetResult(Int16 token)
   at System.Net.Security.SslStream.EnsureFullTlsFrameAsync[TIOAdapter](TIOAdapter adapter)
   at System.Net.Security.SslStream.ReadAsyncInternal[TIOAdapter](TIOAdapter adapter, Memory`1 buffer)
   at System.Net.Http.HttpConnection.SendAsyncCore(HttpRequestMessage request, Boolean async, CancellationToken cancellationToken)
   --- End of inner exception stack trace ---
   at System.Net.Http.HttpConnection.SendAsyncCore(HttpRequestMessage request, Boolean async, CancellationToken cancellationToken)
   at System.Net.Http.AuthenticationHelper.SendWithNtAuthAsync(HttpRequestMessage request, Uri authUri, Boolean async, ICredentials credentials, Boolean isProxyAuth, HttpConnection connection, HttpConnectionPool connectionPool, CancellationToken cancellationToken)
   at System.Net.Http.HttpConnectionPool.SendWithVersionDetectionAndRetryAsync(HttpRequestMessage request, Boolean async, Boolean doRequestAuth, CancellationToken cancellationToken)
   at System.Net.Http.AuthenticationHelper.SendWithAuthAsync(HttpRequestMessage request, Uri authUri, Boolean async, ICredentials credentials, Boolean preAuthenticate, Boolean isProxyAuth, Boolean doRequestAuth, HttpConnectionPool pool, CancellationToken cancellationToken)
   at System.Net.Http.DecompressionHandler.SendAsync(HttpRequestMessage request, Boolean async, CancellationToken cancellationToken)
   at GitHub.Services.Common.VssHttpMessageHandler.SendAsync(HttpRequestMessage request, CancellationToken cancellationToken)
   --- End of inner exception stack trace ---
   at GitHub.Services.Common.VssHttpMessageHandler.SendAsync(HttpRequestMessage request, CancellationToken cancellationToken)
   at GitHub.Services.Common.VssHttpRetryMessageHandler.SendAsync(HttpRequestMessage request, CancellationToken cancellationToken)
   at System.Net.Http.HttpClient.<SendAsync>g__Core|83_0(HttpRequestMessage request, HttpCompletionOption completionOption, CancellationTokenSource cts, Boolean disposeCts, CancellationTokenSource pendingRequestsCts, CancellationToken originalCancellationToken)
   at GitHub.Services.WebApi.VssHttpClientBase.SendAsync(HttpRequestMessage message, HttpCompletionOption completionOption, Object userState, CancellationToken cancellationToken)
   at GitHub.Services.WebApi.VssHttpClientBase.SendAsync[T](HttpRequestMessage message, Object userState, CancellationToken cancellationToken)
   at GitHub.Services.WebApi.VssHttpClientBase.SendAsync[T](HttpMethod method, IEnumerable`1 additionalHeaders, Guid locationId, Object routeValues, ApiResourceVersion version, HttpContent content, IEnumerable`1 queryParameters, Object userState, CancellationToken cancellationToken)
   at GitHub.Runner.Listener.MessageListener.GetNextMessageAsync(CancellationToken token)
[2023-06-11 00:53:15Z ERR  MessageListener] #####################################################
[2023-06-11 00:53:15Z ERR  MessageListener] System.Threading.Tasks.TaskCanceledException: The operation was canceled.
 ---> System.IO.IOException: Unable to read data from the transport connection: Operation canceled.
 ---> System.Net.Sockets.SocketException (89): Operation canceled
   --- End of inner exception stack trace ---
   at System.Net.Sockets.Socket.AwaitableSocketAsyncEventArgs.ThrowException(SocketError error, CancellationToken cancellationToken)
   at System.Net.Sockets.Socket.AwaitableSocketAsyncEventArgs.System.Threading.Tasks.Sources.IValueTaskSource<System.Int32>.GetResult(Int16 token)
   at System.Net.Security.SslStream.EnsureFullTlsFrameAsync[TIOAdapter](TIOAdapter adapter)
   at System.Net.Security.SslStream.ReadAsyncInternal[TIOAdapter](TIOAdapter adapter, Memory`1 buffer)
   at System.Net.Http.HttpConnection.SendAsyncCore(HttpRequestMessage request, Boolean async, CancellationToken cancellationToken)
   --- End of inner exception stack trace ---
   at System.Net.Http.HttpConnection.SendAsyncCore(HttpRequestMessage request, Boolean async, CancellationToken cancellationToken)
   at System.Net.Http.AuthenticationHelper.SendWithNtAuthAsync(HttpRequestMessage request, Uri authUri, Boolean async, ICredentials credentials, Boolean isProxyAuth, HttpConnection connection, HttpConnectionPool connectionPool, CancellationToken cancellationToken)
   at System.Net.Http.HttpConnectionPool.SendWithVersionDetectionAndRetryAsync(HttpRequestMessage request, Boolean async, Boolean doRequestAuth, CancellationToken cancellationToken)
   at System.Net.Http.AuthenticationHelper.SendWithAuthAsync(HttpRequestMessage request, Uri authUri, Boolean async, ICredentials credentials, Boolean preAuthenticate, Boolean isProxyAuth, Boolean doRequestAuth, HttpConnectionPool pool, CancellationToken cancellationToken)
   at System.Net.Http.DecompressionHandler.SendAsync(HttpRequestMessage request, Boolean async, CancellationToken cancellationToken)
   at GitHub.Services.Common.VssHttpMessageHandler.SendAsync(HttpRequestMessage request, CancellationToken cancellationToken)
[2023-06-11 00:53:15Z ERR  MessageListener] #####################################################
[2023-06-11 00:53:15Z ERR  MessageListener] System.IO.IOException: Unable to read data from the transport connection: Operation canceled.
 ---> System.Net.Sockets.SocketException (89): Operation canceled
   --- End of inner exception stack trace ---
   at System.Net.Sockets.Socket.AwaitableSocketAsyncEventArgs.ThrowException(SocketError error, CancellationToken cancellationToken)
   at System.Net.Sockets.Socket.AwaitableSocketAsyncEventArgs.System.Threading.Tasks.Sources.IValueTaskSource<System.Int32>.GetResult(Int16 token)
   at System.Net.Security.SslStream.EnsureFullTlsFrameAsync[TIOAdapter](TIOAdapter adapter)
   at System.Net.Security.SslStream.ReadAsyncInternal[TIOAdapter](TIOAdapter adapter, Memory`1 buffer)
   at System.Net.Http.HttpConnection.SendAsyncCore(HttpRequestMessage request, Boolean async, CancellationToken cancellationToken)
[2023-06-11 00:53:15Z ERR  MessageListener] #####################################################
[2023-06-11 00:53:15Z ERR  MessageListener] System.Net.Sockets.SocketException (89): Operation canceled
[2023-06-11 00:53:15Z INFO MessageListener] Retriable exception: The HTTP request timed out after 00:01:00.
[2023-06-11 00:53:15Z ERR  Terminal] WRITE ERROR: 2023-06-11 00:53:15Z: Runner connect error: The HTTP request timed out after 00:01:00.. Retrying until reconnected.
[2023-06-11 00:53:15Z INFO RunnerServer] Refresh MessageQueue VssConnection to get on a different AFD node.
[2023-06-11 00:53:15Z INFO RunnerServer] EstablishVssConnection
[2023-06-11 00:53:15Z INFO RunnerServer] Establish connection with 60 seconds timeout.
[2023-06-11 00:53:15Z INFO GitHubActionsService] Starting operation Location.GetConnectionData
[2023-06-11 00:53:16Z INFO GitHubActionsService] Finished operation Location.GetConnectionData
[2023-06-11 00:53:16Z INFO MessageListener] Sleeping for 20.34 seconds before retrying.
[2023-06-11 00:54:26Z INFO Terminal] WRITE LINE: 2023-06-11 00:54:26Z: Runner reconnected.
[2023-06-11 01:11:38Z WARN GitHubActionsService] GET request to https://pipelines.actions.githubusercontent.com/JIWdNYb9N6pLJtAc6QwtYjbzoEYbQ8eRKU1u6BSVp0Ic1UkUzN/_apis/distributedtask/pools/1/messages?sessionId=70670064-8aa2-49dc-9e96-79a2d0bcdcdc&lastMessageId=1&status=Online&runnerVersion=2.304.0 timed out after 60 seconds.
[2023-06-11 01:11:38Z ERR  MessageListener] Catch exception during get next message.
[2023-06-11 01:11:38Z ERR  MessageListener] System.TimeoutException: The HTTP request timed out after 00:01:00.
 ---> System.Threading.Tasks.TaskCanceledException: The operation was canceled.
 ---> System.IO.IOException: Unable to read data from the transport connection: Operation canceled.
 ---> System.Net.Sockets.SocketException (89): Operation canceled
   --- End of inner exception stack trace ---
   at System.Net.Sockets.Socket.AwaitableSocketAsyncEventArgs.ThrowException(SocketError error, CancellationToken cancellationToken)
   at System.Net.Sockets.Socket.AwaitableSocketAsyncEventArgs.System.Threading.Tasks.Sources.IValueTaskSource<System.Int32>.GetResult(Int16 token)
   at System.Net.Security.SslStream.EnsureFullTlsFrameAsync[TIOAdapter](TIOAdapter adapter)
   at System.Net.Security.SslStream.ReadAsyncInternal[TIOAdapter](TIOAdapter adapter, Memory`1 buffer)
   at System.Net.Http.HttpConnection.SendAsyncCore(HttpRequestMessage request, Boolean async, CancellationToken cancellationToken)
   --- End of inner exception stack trace ---
   at System.Net.Http.HttpConnection.SendAsyncCore(HttpRequestMessage request, Boolean async, CancellationToken cancellationToken)
   at System.Net.Http.AuthenticationHelper.SendWithNtAuthAsync(HttpRequestMessage request, Uri authUri, Boolean async, ICredentials credentials, Boolean isProxyAuth, HttpConnection connection, HttpConnectionPool connectionPool, CancellationToken cancellationToken)
   at System.Net.Http.HttpConnectionPool.SendWithVersionDetectionAndRetryAsync(HttpRequestMessage request, Boolean async, Boolean doRequestAuth, CancellationToken cancellationToken)
   at System.Net.Http.AuthenticationHelper.SendWithAuthAsync(HttpRequestMessage request, Uri authUri, Boolean async, ICredentials credentials, Boolean preAuthenticate, Boolean isProxyAuth, Boolean doRequestAuth, HttpConnectionPool pool, CancellationToken cancellationToken)
   at System.Net.Http.DecompressionHandler.SendAsync(HttpRequestMessage request, Boolean async, CancellationToken cancellationToken)
   at GitHub.Services.Common.VssHttpMessageHandler.SendAsync(HttpRequestMessage request, CancellationToken cancellationToken)
   --- End of inner exception stack trace ---
   at GitHub.Services.Common.VssHttpMessageHandler.SendAsync(HttpRequestMessage request, CancellationToken cancellationToken)
   at GitHub.Services.Common.VssHttpRetryMessageHandler.SendAsync(HttpRequestMessage request, CancellationToken cancellationToken)
   at System.Net.Http.HttpClient.<SendAsync>g__Core|83_0(HttpRequestMessage request, HttpCompletionOption completionOption, CancellationTokenSource cts, Boolean disposeCts, CancellationTokenSource pendingRequestsCts, CancellationToken originalCancellationToken)
   at GitHub.Services.WebApi.VssHttpClientBase.SendAsync(HttpRequestMessage message, HttpCompletionOption completionOption, Object userState, CancellationToken cancellationToken)
   at GitHub.Services.WebApi.VssHttpClientBase.SendAsync[T](HttpRequestMessage message, Object userState, CancellationToken cancellationToken)
   at GitHub.Services.WebApi.VssHttpClientBase.SendAsync[T](HttpMethod method, IEnumerable`1 additionalHeaders, Guid locationId, Object routeValues, ApiResourceVersion version, HttpContent content, IEnumerable`1 queryParameters, Object userState, CancellationToken cancellationToken)
   at GitHub.Runner.Listener.MessageListener.GetNextMessageAsync(CancellationToken token)
[2023-06-11 01:11:38Z ERR  MessageListener] #####################################################
[2023-06-11 01:11:38Z ERR  MessageListener] System.Threading.Tasks.TaskCanceledException: The operation was canceled.
 ---> System.IO.IOException: Unable to read data from the transport connection: Operation canceled.
 ---> System.Net.Sockets.SocketException (89): Operation canceled
   --- End of inner exception stack trace ---
   at System.Net.Sockets.Socket.AwaitableSocketAsyncEventArgs.ThrowException(SocketError error, CancellationToken cancellationToken)
   at System.Net.Sockets.Socket.AwaitableSocketAsyncEventArgs.System.Threading.Tasks.Sources.IValueTaskSource<System.Int32>.GetResult(Int16 token)
   at System.Net.Security.SslStream.EnsureFullTlsFrameAsync[TIOAdapter](TIOAdapter adapter)
   at System.Net.Security.SslStream.ReadAsyncInternal[TIOAdapter](TIOAdapter adapter, Memory`1 buffer)
   at System.Net.Http.HttpConnection.SendAsyncCore(HttpRequestMessage request, Boolean async, CancellationToken cancellationToken)
   --- End of inner exception stack trace ---
   at System.Net.Http.HttpConnection.SendAsyncCore(HttpRequestMessage request, Boolean async, CancellationToken cancellationToken)
   at System.Net.Http.AuthenticationHelper.SendWithNtAuthAsync(HttpRequestMessage request, Uri authUri, Boolean async, ICredentials credentials, Boolean isProxyAuth, HttpConnection connection, HttpConnectionPool connectionPool, CancellationToken cancellationToken)
   at System.Net.Http.HttpConnectionPool.SendWithVersionDetectionAndRetryAsync(HttpRequestMessage request, Boolean async, Boolean doRequestAuth, CancellationToken cancellationToken)
   at System.Net.Http.AuthenticationHelper.SendWithAuthAsync(HttpRequestMessage request, Uri authUri, Boolean async, ICredentials credentials, Boolean preAuthenticate, Boolean isProxyAuth, Boolean doRequestAuth, HttpConnectionPool pool, CancellationToken cancellationToken)
   at System.Net.Http.DecompressionHandler.SendAsync(HttpRequestMessage request, Boolean async, CancellationToken cancellationToken)
   at GitHub.Services.Common.VssHttpMessageHandler.SendAsync(HttpRequestMessage request, CancellationToken cancellationToken)
[2023-06-11 01:11:38Z ERR  MessageListener] #####################################################
[2023-06-11 01:11:38Z ERR  MessageListener] System.IO.IOException: Unable to read data from the transport connection: Operation canceled.
 ---> System.Net.Sockets.SocketException (89): Operation canceled
   --- End of inner exception stack trace ---
   at System.Net.Sockets.Socket.AwaitableSocketAsyncEventArgs.ThrowException(SocketError error, CancellationToken cancellationToken)
   at System.Net.Sockets.Socket.AwaitableSocketAsyncEventArgs.System.Threading.Tasks.Sources.IValueTaskSource<System.Int32>.GetResult(Int16 token)
   at System.Net.Security.SslStream.EnsureFullTlsFrameAsync[TIOAdapter](TIOAdapter adapter)
   at System.Net.Security.SslStream.ReadAsyncInternal[TIOAdapter](TIOAdapter adapter, Memory`1 buffer)
   at System.Net.Http.HttpConnection.SendAsyncCore(HttpRequestMessage request, Boolean async, CancellationToken cancellationToken)
[2023-06-11 01:11:38Z ERR  MessageListener] #####################################################
[2023-06-11 01:11:38Z ERR  MessageListener] System.Net.Sockets.SocketException (89): Operation canceled
[2023-06-11 01:11:38Z INFO MessageListener] Retriable exception: The HTTP request timed out after 00:01:00.
[2023-06-11 01:11:38Z ERR  Terminal] WRITE ERROR: 2023-06-11 01:11:38Z: Runner connect error: The HTTP request timed out after 00:01:00.. Retrying until reconnected.
[2023-06-11 01:11:38Z INFO RunnerServer] Refresh MessageQueue VssConnection to get on a different AFD node.
[2023-06-11 01:11:38Z INFO RunnerServer] EstablishVssConnection
[2023-06-11 01:11:38Z INFO RunnerServer] Establish connection with 60 seconds timeout.
[2023-06-11 01:11:38Z INFO GitHubActionsService] Starting operation Location.GetConnectionData
[2023-06-11 01:11:39Z INFO GitHubActionsService] Finished operation Location.GetConnectionData
[2023-06-11 01:11:39Z INFO MessageListener] Sleeping for 27.857 seconds before retrying.
[2023-06-11 01:18:58Z WARN GitHubActionsService] Attempt 1 of GET request to https://pipelines.actions.githubusercontent.com/JIWdNYb9N6pLJtAc6QwtYjbzoEYbQ8eRKU1u6BSVp0Ic1UkUzN/_apis/distributedtask/pools/1/messages?sessionId=70670064-8aa2-49dc-9e96-79a2d0bcdcdc&lastMessageId=1&status=Online&runnerVersion=2.304.0 failed (Socket Error: ConnectionReset). The operation will be retried in 11.013 seconds.
[2023-06-11 01:23:49Z WARN GitHubActionsService] GET request to https://pipelines.actions.githubusercontent.com/JIWdNYb9N6pLJtAc6QwtYjbzoEYbQ8eRKU1u6BSVp0Ic1UkUzN/_apis/distributedtask/pools/1/messages?sessionId=70670064-8aa2-49dc-9e96-79a2d0bcdcdc&lastMessageId=1&status=Online&runnerVersion=2.304.0 timed out after 60 seconds.
[2023-06-11 01:23:49Z ERR  MessageListener] Catch exception during get next message.
[2023-06-11 01:23:49Z ERR  MessageListener] System.TimeoutException: The HTTP request timed out after 00:01:00.
 ---> System.Threading.Tasks.TaskCanceledException: The operation was canceled.
 ---> System.IO.IOException: Unable to read data from the transport connection: Operation canceled.
 ---> System.Net.Sockets.SocketException (89): Operation canceled
   --- End of inner exception stack trace ---
   at System.Net.Sockets.Socket.AwaitableSocketAsyncEventArgs.ThrowException(SocketError error, CancellationToken cancellationToken)
   at System.Net.Sockets.Socket.AwaitableSocketAsyncEventArgs.System.Threading.Tasks.Sources.IValueTaskSource<System.Int32>.GetResult(Int16 token)
   at System.Net.Security.SslStream.EnsureFullTlsFrameAsync[TIOAdapter](TIOAdapter adapter)
   at System.Net.Security.SslStream.ReadAsyncInternal[TIOAdapter](TIOAdapter adapter, Memory`1 buffer)
   at System.Net.Http.HttpConnection.InitialFillAsync(Boolean async)
   at System.Net.Http.HttpConnection.SendAsyncCore(HttpRequestMessage request, Boolean async, CancellationToken cancellationToken)
   --- End of inner exception stack trace ---
   at System.Net.Http.HttpConnection.SendAsyncCore(HttpRequestMessage request, Boolean async, CancellationToken cancellationToken)
   at System.Net.Http.AuthenticationHelper.SendWithNtAuthAsync(HttpRequestMessage request, Uri authUri, Boolean async, ICredentials credentials, Boolean isProxyAuth, HttpConnection connection, HttpConnectionPool connectionPool, CancellationToken cancellationToken)
   at System.Net.Http.HttpConnectionPool.SendWithVersionDetectionAndRetryAsync(HttpRequestMessage request, Boolean async, Boolean doRequestAuth, CancellationToken cancellationToken)
   at System.Net.Http.AuthenticationHelper.SendWithAuthAsync(HttpRequestMessage request, Uri authUri, Boolean async, ICredentials credentials, Boolean preAuthenticate, Boolean isProxyAuth, Boolean doRequestAuth, HttpConnectionPool pool, CancellationToken cancellationToken)
   at System.Net.Http.DecompressionHandler.SendAsync(HttpRequestMessage request, Boolean async, CancellationToken cancellationToken)
   at GitHub.Services.Common.VssHttpMessageHandler.SendAsync(HttpRequestMessage request, CancellationToken cancellationToken)
   --- End of inner exception stack trace ---
   at GitHub.Services.Common.VssHttpMessageHandler.SendAsync(HttpRequestMessage request, CancellationToken cancellationToken)
   at GitHub.Services.Common.VssHttpRetryMessageHandler.SendAsync(HttpRequestMessage request, CancellationToken cancellationToken)
   at System.Net.Http.HttpClient.<SendAsync>g__Core|83_0(HttpRequestMessage request, HttpCompletionOption completionOption, CancellationTokenSource cts, Boolean disposeCts, CancellationTokenSource pendingRequestsCts, CancellationToken originalCancellationToken)
   at GitHub.Services.WebApi.VssHttpClientBase.SendAsync(HttpRequestMessage message, HttpCompletionOption completionOption, Object userState, CancellationToken cancellationToken)
   at GitHub.Services.WebApi.VssHttpClientBase.SendAsync[T](HttpRequestMessage message, Object userState, CancellationToken cancellationToken)
   at GitHub.Services.WebApi.VssHttpClientBase.SendAsync[T](HttpMethod method, IEnumerable`1 additionalHeaders, Guid locationId, Object routeValues, ApiResourceVersion version, HttpContent content, IEnumerable`1 queryParameters, Object userState, CancellationToken cancellationToken)
   at GitHub.Runner.Listener.MessageListener.GetNextMessageAsync(CancellationToken token)
[2023-06-11 01:23:49Z ERR  MessageListener] #####################################################
[2023-06-11 01:23:49Z ERR  MessageListener] System.Threading.Tasks.TaskCanceledException: The operation was canceled.
 ---> System.IO.IOException: Unable to read data from the transport connection: Operation canceled.
 ---> System.Net.Sockets.SocketException (89): Operation canceled
   --- End of inner exception stack trace ---
   at System.Net.Sockets.Socket.AwaitableSocketAsyncEventArgs.ThrowException(SocketError error, CancellationToken cancellationToken)
   at System.Net.Sockets.Socket.AwaitableSocketAsyncEventArgs.System.Threading.Tasks.Sources.IValueTaskSource<System.Int32>.GetResult(Int16 token)
   at System.Net.Security.SslStream.EnsureFullTlsFrameAsync[TIOAdapter](TIOAdapter adapter)
   at System.Net.Security.SslStream.ReadAsyncInternal[TIOAdapter](TIOAdapter adapter, Memory`1 buffer)
   at System.Net.Http.HttpConnection.InitialFillAsync(Boolean async)
   at System.Net.Http.HttpConnection.SendAsyncCore(HttpRequestMessage request, Boolean async, CancellationToken cancellationToken)
   --- End of inner exception stack trace ---
   at System.Net.Http.HttpConnection.SendAsyncCore(HttpRequestMessage request, Boolean async, CancellationToken cancellationToken)
   at System.Net.Http.AuthenticationHelper.SendWithNtAuthAsync(HttpRequestMessage request, Uri authUri, Boolean async, ICredentials credentials, Boolean isProxyAuth, HttpConnection connection, HttpConnectionPool connectionPool, CancellationToken cancellationToken)
   at System.Net.Http.HttpConnectionPool.SendWithVersionDetectionAndRetryAsync(HttpRequestMessage request, Boolean async, Boolean doRequestAuth, CancellationToken cancellationToken)
   at System.Net.Http.AuthenticationHelper.SendWithAuthAsync(HttpRequestMessage request, Uri authUri, Boolean async, ICredentials credentials, Boolean preAuthenticate, Boolean isProxyAuth, Boolean doRequestAuth, HttpConnectionPool pool, CancellationToken cancellationToken)
   at System.Net.Http.DecompressionHandler.SendAsync(HttpRequestMessage request, Boolean async, CancellationToken cancellationToken)
   at GitHub.Services.Common.VssHttpMessageHandler.SendAsync(HttpRequestMessage request, CancellationToken cancellationToken)
[2023-06-11 01:23:49Z ERR  MessageListener] #####################################################
[2023-06-11 01:23:49Z ERR  MessageListener] System.IO.IOException: Unable to read data from the transport connection: Operation canceled.
 ---> System.Net.Sockets.SocketException (89): Operation canceled
   --- End of inner exception stack trace ---
   at System.Net.Sockets.Socket.AwaitableSocketAsyncEventArgs.ThrowException(SocketError error, CancellationToken cancellationToken)
   at System.Net.Sockets.Socket.AwaitableSocketAsyncEventArgs.System.Threading.Tasks.Sources.IValueTaskSource<System.Int32>.GetResult(Int16 token)
   at System.Net.Security.SslStream.EnsureFullTlsFrameAsync[TIOAdapter](TIOAdapter adapter)
   at System.Net.Security.SslStream.ReadAsyncInternal[TIOAdapter](TIOAdapter adapter, Memory`1 buffer)
   at System.Net.Http.HttpConnection.InitialFillAsync(Boolean async)
   at System.Net.Http.HttpConnection.SendAsyncCore(HttpRequestMessage request, Boolean async, CancellationToken cancellationToken)
[2023-06-11 01:23:49Z ERR  MessageListener] #####################################################
[2023-06-11 01:23:49Z ERR  MessageListener] System.Net.Sockets.SocketException (89): Operation canceled
[2023-06-11 01:23:49Z INFO MessageListener] Retriable exception: The HTTP request timed out after 00:01:00.
[2023-06-11 01:23:49Z INFO RunnerServer] Refresh MessageQueue VssConnection to get on a different AFD node.
[2023-06-11 01:23:49Z INFO RunnerServer] EstablishVssConnection
[2023-06-11 01:23:49Z INFO RunnerServer] Establish connection with 60 seconds timeout.
[2023-06-11 01:23:49Z INFO GitHubActionsService] Starting operation Location.GetConnectionData
[2023-06-11 01:23:49Z INFO GitHubActionsService] Finished operation Location.GetConnectionData
[2023-06-11 01:23:49Z INFO MessageListener] Sleeping for 28.923 seconds before retrying.
[2023-06-11 01:57:56Z WARN GitHubActionsService] GET request to https://pipelines.actions.githubusercontent.com/JIWdNYb9N6pLJtAc6QwtYjbzoEYbQ8eRKU1u6BSVp0Ic1UkUzN/_apis/distributedtask/pools/1/messages?sessionId=70670064-8aa2-49dc-9e96-79a2d0bcdcdc&lastMessageId=1&status=Online&runnerVersion=2.304.0 timed out after 60 seconds.
[2023-06-11 01:57:56Z ERR  MessageListener] Catch exception during get next message.
[2023-06-11 01:57:56Z ERR  MessageListener] System.TimeoutException: The HTTP request timed out after 00:01:00.
 ---> System.Threading.Tasks.TaskCanceledException: The operation was canceled.
 ---> System.IO.IOException: Unable to read data from the transport connection: Operation canceled.
 ---> System.Net.Sockets.SocketException (89): Operation canceled
   --- End of inner exception stack trace ---
   at System.Net.Sockets.Socket.AwaitableSocketAsyncEventArgs.ThrowException(SocketError error, CancellationToken cancellationToken)
   at System.Net.Sockets.Socket.AwaitableSocketAsyncEventArgs.System.Threading.Tasks.Sources.IValueTaskSource<System.Int32>.GetResult(Int16 token)
   at System.Net.Security.SslStream.ReadAsyncInternal[TIOAdapter](TIOAdapter adapter, Memory`1 buffer)
   at System.Net.Http.HttpConnection.<CheckUsabilityOnScavenge>g__ReadAheadWithZeroByteReadAsync|45_0()
   at System.Net.Http.HttpConnection.SendAsyncCore(HttpRequestMessage request, Boolean async, CancellationToken cancellationToken)
   --- End of inner exception stack trace ---
   at System.Net.Http.HttpConnection.SendAsyncCore(HttpRequestMessage request, Boolean async, CancellationToken cancellationToken)
   at System.Net.Http.AuthenticationHelper.SendWithNtAuthAsync(HttpRequestMessage request, Uri authUri, Boolean async, ICredentials credentials, Boolean isProxyAuth, HttpConnection connection, HttpConnectionPool connectionPool, CancellationToken cancellationToken)
   at System.Net.Http.HttpConnectionPool.SendWithVersionDetectionAndRetryAsync(HttpRequestMessage request, Boolean async, Boolean doRequestAuth, CancellationToken cancellationToken)
   at System.Net.Http.AuthenticationHelper.SendWithAuthAsync(HttpRequestMessage request, Uri authUri, Boolean async, ICredentials credentials, Boolean preAuthenticate, Boolean isProxyAuth, Boolean doRequestAuth, HttpConnectionPool pool, CancellationToken cancellationToken)
   at System.Net.Http.DecompressionHandler.SendAsync(HttpRequestMessage request, Boolean async, CancellationToken cancellationToken)
   at GitHub.Services.Common.VssHttpMessageHandler.SendAsync(HttpRequestMessage request, CancellationToken cancellationToken)
   --- End of inner exception stack trace ---
   at GitHub.Services.Common.VssHttpMessageHandler.SendAsync(HttpRequestMessage request, CancellationToken cancellationToken)
   at GitHub.Services.Common.VssHttpRetryMessageHandler.SendAsync(HttpRequestMessage request, CancellationToken cancellationToken)
   at System.Net.Http.HttpClient.<SendAsync>g__Core|83_0(HttpRequestMessage request, HttpCompletionOption completionOption, CancellationTokenSource cts, Boolean disposeCts, CancellationTokenSource pendingRequestsCts, CancellationToken originalCancellationToken)
   at GitHub.Services.WebApi.VssHttpClientBase.SendAsync(HttpRequestMessage message, HttpCompletionOption completionOption, Object userState, CancellationToken cancellationToken)
   at GitHub.Services.WebApi.VssHttpClientBase.SendAsync[T](HttpRequestMessage message, Object userState, CancellationToken cancellationToken)
   at GitHub.Services.WebApi.VssHttpClientBase.SendAsync[T](HttpMethod method, IEnumerable`1 additionalHeaders, Guid locationId, Object routeValues, ApiResourceVersion version, HttpContent content, IEnumerable`1 queryParameters, Object userState, CancellationToken cancellationToken)
   at GitHub.Runner.Listener.MessageListener.GetNextMessageAsync(CancellationToken token)
[2023-06-11 01:57:56Z ERR  MessageListener] #####################################################
[2023-06-11 01:57:56Z ERR  MessageListener] System.Threading.Tasks.TaskCanceledException: The operation was canceled.
 ---> System.IO.IOException: Unable to read data from the transport connection: Operation canceled.
 ---> System.Net.Sockets.SocketException (89): Operation canceled
   --- End of inner exception stack trace ---
   at System.Net.Sockets.Socket.AwaitableSocketAsyncEventArgs.ThrowException(SocketError error, CancellationToken cancellationToken)
   at System.Net.Sockets.Socket.AwaitableSocketAsyncEventArgs.System.Threading.Tasks.Sources.IValueTaskSource<System.Int32>.GetResult(Int16 token)
   at System.Net.Security.SslStream.ReadAsyncInternal[TIOAdapter](TIOAdapter adapter, Memory`1 buffer)
   at System.Net.Http.HttpConnection.<CheckUsabilityOnScavenge>g__ReadAheadWithZeroByteReadAsync|45_0()
   at System.Net.Http.HttpConnection.SendAsyncCore(HttpRequestMessage request, Boolean async, CancellationToken cancellationToken)
   --- End of inner exception stack trace ---
   at System.Net.Http.HttpConnection.SendAsyncCore(HttpRequestMessage request, Boolean async, CancellationToken cancellationToken)
   at System.Net.Http.AuthenticationHelper.SendWithNtAuthAsync(HttpRequestMessage request, Uri authUri, Boolean async, ICredentials credentials, Boolean isProxyAuth, HttpConnection connection, HttpConnectionPool connectionPool, CancellationToken cancellationToken)
   at System.Net.Http.HttpConnectionPool.SendWithVersionDetectionAndRetryAsync(HttpRequestMessage request, Boolean async, Boolean doRequestAuth, CancellationToken cancellationToken)
   at System.Net.Http.AuthenticationHelper.SendWithAuthAsync(HttpRequestMessage request, Uri authUri, Boolean async, ICredentials credentials, Boolean preAuthenticate, Boolean isProxyAuth, Boolean doRequestAuth, HttpConnectionPool pool, CancellationToken cancellationToken)
   at System.Net.Http.DecompressionHandler.SendAsync(HttpRequestMessage request, Boolean async, CancellationToken cancellationToken)
   at GitHub.Services.Common.VssHttpMessageHandler.SendAsync(HttpRequestMessage request, CancellationToken cancellationToken)
[2023-06-11 01:57:56Z ERR  MessageListener] #####################################################
[2023-06-11 01:57:56Z ERR  MessageListener] System.IO.IOException: Unable to read data from the transport connection: Operation canceled.
 ---> System.Net.Sockets.SocketException (89): Operation canceled
   --- End of inner exception stack trace ---
   at System.Net.Sockets.Socket.AwaitableSocketAsyncEventArgs.ThrowException(SocketError error, CancellationToken cancellationToken)
   at System.Net.Sockets.Socket.AwaitableSocketAsyncEventArgs.System.Threading.Tasks.Sources.IValueTaskSource<System.Int32>.GetResult(Int16 token)
   at System.Net.Security.SslStream.ReadAsyncInternal[TIOAdapter](TIOAdapter adapter, Memory`1 buffer)
   at System.Net.Http.HttpConnection.<CheckUsabilityOnScavenge>g__ReadAheadWithZeroByteReadAsync|45_0()
   at System.Net.Http.HttpConnection.SendAsyncCore(HttpRequestMessage request, Boolean async, CancellationToken cancellationToken)
[2023-06-11 01:57:56Z ERR  MessageListener] #####################################################
[2023-06-11 01:57:56Z ERR  MessageListener] System.Net.Sockets.SocketException (89): Operation canceled
[2023-06-11 01:57:56Z INFO MessageListener] Retriable exception: The HTTP request timed out after 00:01:00.
[2023-06-11 01:57:56Z INFO RunnerServer] Refresh MessageQueue VssConnection to get on a different AFD node.
[2023-06-11 01:57:56Z INFO RunnerServer] EstablishVssConnection
[2023-06-11 01:57:56Z INFO RunnerServer] Establish connection with 60 seconds timeout.
[2023-06-11 01:57:56Z INFO GitHubActionsService] Starting operation Location.GetConnectionData
[2023-06-11 01:57:57Z INFO GitHubActionsService] Finished operation Location.GetConnectionData
[2023-06-11 01:57:57Z INFO MessageListener] Sleeping for 27.504 seconds before retrying.
[2023-06-11 01:58:25Z INFO RSAFileKeyManager] Loading RSA key parameters from file /Users/noedenisel/Desktop/Rick-and-Morty/actions-runner/.credentials_rsaparams
[2023-06-11 01:58:25Z INFO GitHubActionsService] AAD Correlation ID for this token request: Unknown
[2023-06-11 01:59:15Z INFO Terminal] WRITE LINE: 2023-06-11 01:59:15Z: Runner reconnected.
[2023-06-11 02:30:16Z WARN GitHubActionsService] GET request to https://pipelines.actions.githubusercontent.com/JIWdNYb9N6pLJtAc6QwtYjbzoEYbQ8eRKU1u6BSVp0Ic1UkUzN/_apis/distributedtask/pools/1/messages?sessionId=70670064-8aa2-49dc-9e96-79a2d0bcdcdc&lastMessageId=1&status=Online&runnerVersion=2.304.0 timed out after 60 seconds.
[2023-06-11 02:30:16Z ERR  MessageListener] Catch exception during get next message.
[2023-06-11 02:30:16Z ERR  MessageListener] System.TimeoutException: The HTTP request timed out after 00:01:00.
 ---> System.Threading.Tasks.TaskCanceledException: The operation was canceled.
 ---> System.IO.IOException: Unable to read data from the transport connection: Operation canceled.
 ---> System.Net.Sockets.SocketException (89): Operation canceled
   --- End of inner exception stack trace ---
   at System.Net.Sockets.Socket.AwaitableSocketAsyncEventArgs.ThrowException(SocketError error, CancellationToken cancellationToken)
   at System.Net.Sockets.Socket.AwaitableSocketAsyncEventArgs.System.Threading.Tasks.Sources.IValueTaskSource<System.Int32>.GetResult(Int16 token)
   at System.Net.Security.SslStream.EnsureFullTlsFrameAsync[TIOAdapter](TIOAdapter adapter)
   at System.Net.Security.SslStream.ReadAsyncInternal[TIOAdapter](TIOAdapter adapter, Memory`1 buffer)
   at System.Net.Http.HttpConnection.SendAsyncCore(HttpRequestMessage request, Boolean async, CancellationToken cancellationToken)
   --- End of inner exception stack trace ---
   at System.Net.Http.HttpConnection.SendAsyncCore(HttpRequestMessage request, Boolean async, CancellationToken cancellationToken)
   at System.Net.Http.AuthenticationHelper.SendWithNtAuthAsync(HttpRequestMessage request, Uri authUri, Boolean async, ICredentials credentials, Boolean isProxyAuth, HttpConnection connection, HttpConnectionPool connectionPool, CancellationToken cancellationToken)
   at System.Net.Http.HttpConnectionPool.SendWithVersionDetectionAndRetryAsync(HttpRequestMessage request, Boolean async, Boolean doRequestAuth, CancellationToken cancellationToken)
   at System.Net.Http.AuthenticationHelper.SendWithAuthAsync(HttpRequestMessage request, Uri authUri, Boolean async, ICredentials credentials, Boolean preAuthenticate, Boolean isProxyAuth, Boolean doRequestAuth, HttpConnectionPool pool, CancellationToken cancellationToken)
   at System.Net.Http.DecompressionHandler.SendAsync(HttpRequestMessage request, Boolean async, CancellationToken cancellationToken)
   at GitHub.Services.Common.VssHttpMessageHandler.SendAsync(HttpRequestMessage request, CancellationToken cancellationToken)
   --- End of inner exception stack trace ---
   at GitHub.Services.Common.VssHttpMessageHandler.SendAsync(HttpRequestMessage request, CancellationToken cancellationToken)
   at GitHub.Services.Common.VssHttpRetryMessageHandler.SendAsync(HttpRequestMessage request, CancellationToken cancellationToken)
   at System.Net.Http.HttpClient.<SendAsync>g__Core|83_0(HttpRequestMessage request, HttpCompletionOption completionOption, CancellationTokenSource cts, Boolean disposeCts, CancellationTokenSource pendingRequestsCts, CancellationToken originalCancellationToken)
   at GitHub.Services.WebApi.VssHttpClientBase.SendAsync(HttpRequestMessage message, HttpCompletionOption completionOption, Object userState, CancellationToken cancellationToken)
   at GitHub.Services.WebApi.VssHttpClientBase.SendAsync[T](HttpRequestMessage message, Object userState, CancellationToken cancellationToken)
   at GitHub.Services.WebApi.VssHttpClientBase.SendAsync[T](HttpMethod method, IEnumerable`1 additionalHeaders, Guid locationId, Object routeValues, ApiResourceVersion version, HttpContent content, IEnumerable`1 queryParameters, Object userState, CancellationToken cancellationToken)
   at GitHub.Runner.Listener.MessageListener.GetNextMessageAsync(CancellationToken token)
[2023-06-11 02:30:16Z ERR  MessageListener] #####################################################
[2023-06-11 02:30:16Z ERR  MessageListener] System.Threading.Tasks.TaskCanceledException: The operation was canceled.
 ---> System.IO.IOException: Unable to read data from the transport connection: Operation canceled.
 ---> System.Net.Sockets.SocketException (89): Operation canceled
   --- End of inner exception stack trace ---
   at System.Net.Sockets.Socket.AwaitableSocketAsyncEventArgs.ThrowException(SocketError error, CancellationToken cancellationToken)
   at System.Net.Sockets.Socket.AwaitableSocketAsyncEventArgs.System.Threading.Tasks.Sources.IValueTaskSource<System.Int32>.GetResult(Int16 token)
   at System.Net.Security.SslStream.EnsureFullTlsFrameAsync[TIOAdapter](TIOAdapter adapter)
   at System.Net.Security.SslStream.ReadAsyncInternal[TIOAdapter](TIOAdapter adapter, Memory`1 buffer)
   at System.Net.Http.HttpConnection.SendAsyncCore(HttpRequestMessage request, Boolean async, CancellationToken cancellationToken)
   --- End of inner exception stack trace ---
   at System.Net.Http.HttpConnection.SendAsyncCore(HttpRequestMessage request, Boolean async, CancellationToken cancellationToken)
   at System.Net.Http.AuthenticationHelper.SendWithNtAuthAsync(HttpRequestMessage request, Uri authUri, Boolean async, ICredentials credentials, Boolean isProxyAuth, HttpConnection connection, HttpConnectionPool connectionPool, CancellationToken cancellationToken)
   at System.Net.Http.HttpConnectionPool.SendWithVersionDetectionAndRetryAsync(HttpRequestMessage request, Boolean async, Boolean doRequestAuth, CancellationToken cancellationToken)
   at System.Net.Http.AuthenticationHelper.SendWithAuthAsync(HttpRequestMessage request, Uri authUri, Boolean async, ICredentials credentials, Boolean preAuthenticate, Boolean isProxyAuth, Boolean doRequestAuth, HttpConnectionPool pool, CancellationToken cancellationToken)
   at System.Net.Http.DecompressionHandler.SendAsync(HttpRequestMessage request, Boolean async, CancellationToken cancellationToken)
   at GitHub.Services.Common.VssHttpMessageHandler.SendAsync(HttpRequestMessage request, CancellationToken cancellationToken)
[2023-06-11 02:30:16Z ERR  MessageListener] #####################################################
[2023-06-11 02:30:16Z ERR  MessageListener] System.IO.IOException: Unable to read data from the transport connection: Operation canceled.
 ---> System.Net.Sockets.SocketException (89): Operation canceled
   --- End of inner exception stack trace ---
   at System.Net.Sockets.Socket.AwaitableSocketAsyncEventArgs.ThrowException(SocketError error, CancellationToken cancellationToken)
   at System.Net.Sockets.Socket.AwaitableSocketAsyncEventArgs.System.Threading.Tasks.Sources.IValueTaskSource<System.Int32>.GetResult(Int16 token)
   at System.Net.Security.SslStream.EnsureFullTlsFrameAsync[TIOAdapter](TIOAdapter adapter)
   at System.Net.Security.SslStream.ReadAsyncInternal[TIOAdapter](TIOAdapter adapter, Memory`1 buffer)
   at System.Net.Http.HttpConnection.SendAsyncCore(HttpRequestMessage request, Boolean async, CancellationToken cancellationToken)
[2023-06-11 02:30:16Z ERR  MessageListener] #####################################################
[2023-06-11 02:30:16Z ERR  MessageListener] System.Net.Sockets.SocketException (89): Operation canceled
[2023-06-11 02:30:16Z INFO MessageListener] Retriable exception: The HTTP request timed out after 00:01:00.
[2023-06-11 02:30:16Z ERR  Terminal] WRITE ERROR: 2023-06-11 02:30:16Z: Runner connect error: The HTTP request timed out after 00:01:00.. Retrying until reconnected.
[2023-06-11 02:30:16Z INFO RunnerServer] Refresh MessageQueue VssConnection to get on a different AFD node.
[2023-06-11 02:30:16Z INFO RunnerServer] EstablishVssConnection
[2023-06-11 02:30:16Z INFO RunnerServer] Establish connection with 60 seconds timeout.
[2023-06-11 02:30:16Z INFO GitHubActionsService] Starting operation Location.GetConnectionData
[2023-06-11 02:30:17Z INFO GitHubActionsService] Finished operation Location.GetConnectionData
[2023-06-11 02:30:17Z INFO MessageListener] Sleeping for 22.681 seconds before retrying.
[2023-06-11 02:31:30Z INFO Terminal] WRITE LINE: 2023-06-11 02:31:30Z: Runner reconnected.
[2023-06-11 02:45:51Z WARN GitHubActionsService] GET request to https://pipelines.actions.githubusercontent.com/JIWdNYb9N6pLJtAc6QwtYjbzoEYbQ8eRKU1u6BSVp0Ic1UkUzN/_apis/distributedtask/pools/1/messages?sessionId=70670064-8aa2-49dc-9e96-79a2d0bcdcdc&lastMessageId=1&status=Online&runnerVersion=2.304.0 timed out after 60 seconds.
[2023-06-11 02:45:51Z ERR  MessageListener] Catch exception during get next message.
[2023-06-11 02:45:51Z ERR  MessageListener] System.TimeoutException: The HTTP request timed out after 00:01:00.
 ---> System.Threading.Tasks.TaskCanceledException: The operation was canceled.
 ---> System.IO.IOException: Unable to read data from the transport connection: Operation canceled.
 ---> System.Net.Sockets.SocketException (89): Operation canceled
   --- End of inner exception stack trace ---
   at System.Net.Sockets.Socket.AwaitableSocketAsyncEventArgs.ThrowException(SocketError error, CancellationToken cancellationToken)
   at System.Net.Sockets.Socket.AwaitableSocketAsyncEventArgs.System.Threading.Tasks.Sources.IValueTaskSource<System.Int32>.GetResult(Int16 token)
   at System.Net.Security.SslStream.EnsureFullTlsFrameAsync[TIOAdapter](TIOAdapter adapter)
   at System.Net.Security.SslStream.ReadAsyncInternal[TIOAdapter](TIOAdapter adapter, Memory`1 buffer)
   at System.Net.Http.HttpConnection.SendAsyncCore(HttpRequestMessage request, Boolean async, CancellationToken cancellationToken)
   --- End of inner exception stack trace ---
   at System.Net.Http.HttpConnection.SendAsyncCore(HttpRequestMessage request, Boolean async, CancellationToken cancellationToken)
   at System.Net.Http.AuthenticationHelper.SendWithNtAuthAsync(HttpRequestMessage request, Uri authUri, Boolean async, ICredentials credentials, Boolean isProxyAuth, HttpConnection connection, HttpConnectionPool connectionPool, CancellationToken cancellationToken)
   at System.Net.Http.HttpConnectionPool.SendWithVersionDetectionAndRetryAsync(HttpRequestMessage request, Boolean async, Boolean doRequestAuth, CancellationToken cancellationToken)
   at System.Net.Http.AuthenticationHelper.SendWithAuthAsync(HttpRequestMessage request, Uri authUri, Boolean async, ICredentials credentials, Boolean preAuthenticate, Boolean isProxyAuth, Boolean doRequestAuth, HttpConnectionPool pool, CancellationToken cancellationToken)
   at System.Net.Http.DecompressionHandler.SendAsync(HttpRequestMessage request, Boolean async, CancellationToken cancellationToken)
   at GitHub.Services.Common.VssHttpMessageHandler.SendAsync(HttpRequestMessage request, CancellationToken cancellationToken)
   --- End of inner exception stack trace ---
   at GitHub.Services.Common.VssHttpMessageHandler.SendAsync(HttpRequestMessage request, CancellationToken cancellationToken)
   at GitHub.Services.Common.VssHttpRetryMessageHandler.SendAsync(HttpRequestMessage request, CancellationToken cancellationToken)
   at System.Net.Http.HttpClient.<SendAsync>g__Core|83_0(HttpRequestMessage request, HttpCompletionOption completionOption, CancellationTokenSource cts, Boolean disposeCts, CancellationTokenSource pendingRequestsCts, CancellationToken originalCancellationToken)
   at GitHub.Services.WebApi.VssHttpClientBase.SendAsync(HttpRequestMessage message, HttpCompletionOption completionOption, Object userState, CancellationToken cancellationToken)
   at GitHub.Services.WebApi.VssHttpClientBase.SendAsync[T](HttpRequestMessage message, Object userState, CancellationToken cancellationToken)
   at GitHub.Services.WebApi.VssHttpClientBase.SendAsync[T](HttpMethod method, IEnumerable`1 additionalHeaders, Guid locationId, Object routeValues, ApiResourceVersion version, HttpContent content, IEnumerable`1 queryParameters, Object userState, CancellationToken cancellationToken)
   at GitHub.Runner.Listener.MessageListener.GetNextMessageAsync(CancellationToken token)
[2023-06-11 02:45:51Z ERR  MessageListener] #####################################################
[2023-06-11 02:45:51Z ERR  MessageListener] System.Threading.Tasks.TaskCanceledException: The operation was canceled.
 ---> System.IO.IOException: Unable to read data from the transport connection: Operation canceled.
 ---> System.Net.Sockets.SocketException (89): Operation canceled
   --- End of inner exception stack trace ---
   at System.Net.Sockets.Socket.AwaitableSocketAsyncEventArgs.ThrowException(SocketError error, CancellationToken cancellationToken)
   at System.Net.Sockets.Socket.AwaitableSocketAsyncEventArgs.System.Threading.Tasks.Sources.IValueTaskSource<System.Int32>.GetResult(Int16 token)
   at System.Net.Security.SslStream.EnsureFullTlsFrameAsync[TIOAdapter](TIOAdapter adapter)
   at System.Net.Security.SslStream.ReadAsyncInternal[TIOAdapter](TIOAdapter adapter, Memory`1 buffer)
   at System.Net.Http.HttpConnection.SendAsyncCore(HttpRequestMessage request, Boolean async, CancellationToken cancellationToken)
   --- End of inner exception stack trace ---
   at System.Net.Http.HttpConnection.SendAsyncCore(HttpRequestMessage request, Boolean async, CancellationToken cancellationToken)
   at System.Net.Http.AuthenticationHelper.SendWithNtAuthAsync(HttpRequestMessage request, Uri authUri, Boolean async, ICredentials credentials, Boolean isProxyAuth, HttpConnection connection, HttpConnectionPool connectionPool, CancellationToken cancellationToken)
   at System.Net.Http.HttpConnectionPool.SendWithVersionDetectionAndRetryAsync(HttpRequestMessage request, Boolean async, Boolean doRequestAuth, CancellationToken cancellationToken)
   at System.Net.Http.AuthenticationHelper.SendWithAuthAsync(HttpRequestMessage request, Uri authUri, Boolean async, ICredentials credentials, Boolean preAuthenticate, Boolean isProxyAuth, Boolean doRequestAuth, HttpConnectionPool pool, CancellationToken cancellationToken)
   at System.Net.Http.DecompressionHandler.SendAsync(HttpRequestMessage request, Boolean async, CancellationToken cancellationToken)
   at GitHub.Services.Common.VssHttpMessageHandler.SendAsync(HttpRequestMessage request, CancellationToken cancellationToken)
[2023-06-11 02:45:51Z ERR  MessageListener] #####################################################
[2023-06-11 02:45:51Z ERR  MessageListener] System.IO.IOException: Unable to read data from the transport connection: Operation canceled.
 ---> System.Net.Sockets.SocketException (89): Operation canceled
   --- End of inner exception stack trace ---
   at System.Net.Sockets.Socket.AwaitableSocketAsyncEventArgs.ThrowException(SocketError error, CancellationToken cancellationToken)
   at System.Net.Sockets.Socket.AwaitableSocketAsyncEventArgs.System.Threading.Tasks.Sources.IValueTaskSource<System.Int32>.GetResult(Int16 token)
   at System.Net.Security.SslStream.EnsureFullTlsFrameAsync[TIOAdapter](TIOAdapter adapter)
   at System.Net.Security.SslStream.ReadAsyncInternal[TIOAdapter](TIOAdapter adapter, Memory`1 buffer)
   at System.Net.Http.HttpConnection.SendAsyncCore(HttpRequestMessage request, Boolean async, CancellationToken cancellationToken)
[2023-06-11 02:45:51Z ERR  MessageListener] #####################################################
[2023-06-11 02:45:51Z ERR  MessageListener] System.Net.Sockets.SocketException (89): Operation canceled
[2023-06-11 02:45:51Z INFO MessageListener] Retriable exception: The HTTP request timed out after 00:01:00.
[2023-06-11 02:45:51Z ERR  Terminal] WRITE ERROR: 2023-06-11 02:45:51Z: Runner connect error: The HTTP request timed out after 00:01:00.. Retrying until reconnected.
[2023-06-11 02:45:51Z INFO RunnerServer] Refresh MessageQueue VssConnection to get on a different AFD node.
[2023-06-11 02:45:51Z INFO RunnerServer] EstablishVssConnection
[2023-06-11 02:45:51Z INFO RunnerServer] Establish connection with 60 seconds timeout.
[2023-06-11 02:45:51Z INFO GitHubActionsService] Starting operation Location.GetConnectionData
[2023-06-11 02:45:52Z INFO GitHubActionsService] Finished operation Location.GetConnectionData
[2023-06-11 02:45:52Z INFO MessageListener] Sleeping for 27.821 seconds before retrying.
